CRITICAL - 2023-10-24 16:20:08 --> Undefined variable $alumno
in APPPATH\Views\UnLugarDeMimos\admin\vistas\cliente\editar.php on line 12.
 1 APPPATH\Views\UnLugarDeMimos\admin\vistas\cliente\editar.php(12): CodeIgniter\Debug\Exceptions->errorHandler(2, 'Undefined variable $alumno', 'D:\\Aplicaciones 5to Semestre\\UnLugarDeMimos.mx\\app\\Views\\UnLugarDeMimos\\admin\\vistas\\cliente\\editar.php', 12)
 2 SYSTEMPATH\View\View.php(226): include('D:\\Aplicaciones 5to Semestre\\UnLugarDeMimos.mx\\app\\Views\\UnLugarDeMimos\\admin\\vistas\\cliente\\editar.php')
 3 SYSTEMPATH\View\View.php(229): CodeIgniter\View\View->CodeIgniter\View\{closure}()
 4 SYSTEMPATH\Common.php(1188): CodeIgniter\View\View->render('UnLugarDeMimos/admin/vistas/cliente/editar', [], true)
 5 APPPATH\Controllers\Admin\Cliente.php(34): view('UnLugarDeMimos/admin/vistas/cliente/editar')
 6 SYSTEMPATH\CodeIgniter.php(919): App\Controllers\Admin\Cliente->editarcliente()
 7 SYSTEMPATH\CodeIgniter.php(494): CodeIgniter\CodeIgniter->runController(Object(App\Controllers\Admin\Cliente))
 8 SYSTEMPATH\CodeIgniter.php(353): CodeIgniter\CodeIgniter->handleRequest(null, Object(Config\Cache), false)
 9 FCPATH\index.php(79): CodeIgniter\CodeIgniter->run()
10 SYSTEMPATH\Commands\Server\rewrite.php(47): require_once('D:\\Aplicaciones 5to Semestre\\UnLugarDeMimos.mx\\public\\index.php')
CRITICAL - 2023-10-24 16:20:34 --> Undefined variable $cliente
in APPPATH\Views\UnLugarDeMimos\admin\vistas\cliente\editar.php on line 12.
 1 APPPATH\Views\UnLugarDeMimos\admin\vistas\cliente\editar.php(12): CodeIgniter\Debug\Exceptions->errorHandler(2, 'Undefined variable $cliente', 'D:\\Aplicaciones 5to Semestre\\UnLugarDeMimos.mx\\app\\Views\\UnLugarDeMimos\\admin\\vistas\\cliente\\editar.php', 12)
 2 SYSTEMPATH\View\View.php(226): include('D:\\Aplicaciones 5to Semestre\\UnLugarDeMimos.mx\\app\\Views\\UnLugarDeMimos\\admin\\vistas\\cliente\\editar.php')
 3 SYSTEMPATH\View\View.php(229): CodeIgniter\View\View->CodeIgniter\View\{closure}()
 4 SYSTEMPATH\Common.php(1188): CodeIgniter\View\View->render('UnLugarDeMimos/admin/vistas/cliente/editar', [], true)
 5 APPPATH\Controllers\Admin\Cliente.php(34): view('UnLugarDeMimos/admin/vistas/cliente/editar')
 6 SYSTEMPATH\CodeIgniter.php(919): App\Controllers\Admin\Cliente->editarcliente()
 7 SYSTEMPATH\CodeIgniter.php(494): CodeIgniter\CodeIgniter->runController(Object(App\Controllers\Admin\Cliente))
 8 SYSTEMPATH\CodeIgniter.php(353): CodeIgniter\CodeIgniter->handleRequest(null, Object(Config\Cache), false)
 9 FCPATH\index.php(79): CodeIgniter\CodeIgniter->run()
10 SYSTEMPATH\Commands\Server\rewrite.php(47): require_once('D:\\Aplicaciones 5to Semestre\\UnLugarDeMimos.mx\\public\\index.php')
