CRITICAL - 2023-10-27 01:20:35 --> Undefined property: stdClass::$id
in APPPATH\Views\UnLugarDeMimos\admin\vistas\cliente\editar.php on line 12.
 1 APPPATH\Views\UnLugarDeMimos\admin\vistas\cliente\editar.php(12): CodeIgniter\Debug\Exceptions->errorHandler(2, 'Undefined property: stdClass::$id', 'D:\\Aplicaciones 5to Semestre\\UnLugarDeMimos.mx\\app\\Views\\UnLugarDeMimos\\admin\\vistas\\cliente\\editar.php', 12)
 2 SYSTEMPATH\View\View.php(226): include('D:\\Aplicaciones 5to Semestre\\UnLugarDeMimos.mx\\app\\Views\\UnLugarDeMimos\\admin\\vistas\\cliente\\editar.php')
 3 SYSTEMPATH\View\View.php(229): CodeIgniter\View\View->CodeIgniter\View\{closure}()
 4 SYSTEMPATH\Common.php(1188): CodeIgniter\View\View->render('UnLugarDeMimos/admin/vistas/cliente/editar', [], true)
 5 APPPATH\Controllers\Admin\Cliente.php(39): view('UnLugarDeMimos/admin/vistas/cliente/editar', [...])
 6 SYSTEMPATH\CodeIgniter.php(919): App\Controllers\Admin\Cliente->editarcliente('1')
 7 SYSTEMPATH\CodeIgniter.php(494): CodeIgniter\CodeIgniter->runController(Object(App\Controllers\Admin\Cliente))
 8 SYSTEMPATH\CodeIgniter.php(353): CodeIgniter\CodeIgniter->handleRequest(null, Object(Config\Cache), false)
 9 FCPATH\index.php(79): CodeIgniter\CodeIgniter->run()
10 SYSTEMPATH\Commands\Server\rewrite.php(47): require_once('D:\\Aplicaciones 5to Semestre\\UnLugarDeMimos.mx\\public\\index.php')
CRITICAL - 2023-10-27 01:37:27 --> The route for "alumno/mostrar" cannot be found.
in SYSTEMPATH\HTTP\RedirectResponse.php on line 60.
 1 SYSTEMPATH\HTTP\RedirectResponse.php(60): CodeIgniter\HTTP\Exceptions\HTTPException::forInvalidRedirectRoute('alumno/mostrar')
 2 SYSTEMPATH\Common.php(878): CodeIgniter\HTTP\RedirectResponse->route(false)
 3 APPPATH\Controllers\Admin\Cliente.php(56): redirect('alumno/mostrar')
 4 SYSTEMPATH\CodeIgniter.php(919): App\Controllers\Admin\Cliente->agregarcliente()
 5 SYSTEMPATH\CodeIgniter.php(494): CodeIgniter\CodeIgniter->runController(Object(App\Controllers\Admin\Cliente))
 6 SYSTEMPATH\CodeIgniter.php(353): CodeIgniter\CodeIgniter->handleRequest(null, Object(Config\Cache), false)
 7 FCPATH\index.php(79): CodeIgniter\CodeIgniter->run()
 8 SYSTEMPATH\Commands\Server\rewrite.php(47): require_once('D:\\Aplicaciones 5to Semestre\\UnLugarDeMimos.mx\\public\\index.php')
CRITICAL - 2023-10-27 01:48:41 --> Undefined array key "id_cliente"
in APPPATH\Controllers\Admin\Cliente.php on line 112.
 1 APPPATH\Controllers\Admin\Cliente.php(112): CodeIgniter\Debug\Exceptions->errorHandler(2, 'Undefined array key "id_cliente"', 'D:\\Aplicaciones 5to Semestre\\UnLugarDeMimos.mx\\app\\Controllers\\Admin\\Cliente.php', 112)
 2 SYSTEMPATH\CodeIgniter.php(919): App\Controllers\Admin\Cliente->actualizarcliente()
 3 SYSTEMPATH\CodeIgniter.php(494): CodeIgniter\CodeIgniter->runController(Object(App\Controllers\Admin\Cliente))
 4 SYSTEMPATH\CodeIgniter.php(353): CodeIgniter\CodeIgniter->handleRequest(null, Object(Config\Cache), false)
 5 FCPATH\index.php(79): CodeIgniter\CodeIgniter->run()
 6 SYSTEMPATH\Commands\Server\rewrite.php(47): require_once('D:\\Aplicaciones 5to Semestre\\UnLugarDeMimos.mx\\public\\index.php')
CRITICAL - 2023-10-27 01:49:47 --> Undefined array key "id_cliente"
in APPPATH\Controllers\Admin\Cliente.php on line 112.
 1 APPPATH\Controllers\Admin\Cliente.php(112): CodeIgniter\Debug\Exceptions->errorHandler(2, 'Undefined array key "id_cliente"', 'D:\\Aplicaciones 5to Semestre\\UnLugarDeMimos.mx\\app\\Controllers\\Admin\\Cliente.php', 112)
 2 SYSTEMPATH\CodeIgniter.php(919): App\Controllers\Admin\Cliente->actualizarcliente()
 3 SYSTEMPATH\CodeIgniter.php(494): CodeIgniter\CodeIgniter->runController(Object(App\Controllers\Admin\Cliente))
 4 SYSTEMPATH\CodeIgniter.php(353): CodeIgniter\CodeIgniter->handleRequest(null, Object(Config\Cache), false)
 5 FCPATH\index.php(79): CodeIgniter\CodeIgniter->run()
 6 SYSTEMPATH\Commands\Server\rewrite.php(47): require_once('D:\\Aplicaciones 5to Semestre\\UnLugarDeMimos.mx\\public\\index.php')
CRITICAL - 2023-10-27 01:52:15 --> Undefined array key "id_cliente"
in APPPATH\Controllers\Admin\Cliente.php on line 112.
 1 APPPATH\Controllers\Admin\Cliente.php(112): CodeIgniter\Debug\Exceptions->errorHandler(2, 'Undefined array key "id_cliente"', 'D:\\Aplicaciones 5to Semestre\\UnLugarDeMimos.mx\\app\\Controllers\\Admin\\Cliente.php', 112)
 2 SYSTEMPATH\CodeIgniter.php(919): App\Controllers\Admin\Cliente->actualizarcliente()
 3 SYSTEMPATH\CodeIgniter.php(494): CodeIgniter\CodeIgniter->runController(Object(App\Controllers\Admin\Cliente))
 4 SYSTEMPATH\CodeIgniter.php(353): CodeIgniter\CodeIgniter->handleRequest(null, Object(Config\Cache), false)
 5 FCPATH\index.php(79): CodeIgniter\CodeIgniter->run()
 6 SYSTEMPATH\Commands\Server\rewrite.php(47): require_once('D:\\Aplicaciones 5to Semestre\\UnLugarDeMimos.mx\\public\\index.php')
CRITICAL - 2023-10-27 01:55:42 --> Undefined array key "id_cliente"
in APPPATH\Controllers\Admin\Cliente.php on line 112.
 1 APPPATH\Controllers\Admin\Cliente.php(112): CodeIgniter\Debug\Exceptions->errorHandler(2, 'Undefined array key "id_cliente"', 'D:\\Aplicaciones 5to Semestre\\UnLugarDeMimos.mx\\app\\Controllers\\Admin\\Cliente.php', 112)
 2 SYSTEMPATH\CodeIgniter.php(919): App\Controllers\Admin\Cliente->actualizarcliente()
 3 SYSTEMPATH\CodeIgniter.php(494): CodeIgniter\CodeIgniter->runController(Object(App\Controllers\Admin\Cliente))
 4 SYSTEMPATH\CodeIgniter.php(353): CodeIgniter\CodeIgniter->handleRequest(null, Object(Config\Cache), false)
 5 FCPATH\index.php(79): CodeIgniter\CodeIgniter->run()
 6 SYSTEMPATH\Commands\Server\rewrite.php(47): require_once('D:\\Aplicaciones 5to Semestre\\UnLugarDeMimos.mx\\public\\index.php')
CRITICAL - 2023-10-27 01:57:08 --> Undefined array key "id_cliente"
in APPPATH\Controllers\Admin\Cliente.php on line 112.
 1 APPPATH\Controllers\Admin\Cliente.php(112): CodeIgniter\Debug\Exceptions->errorHandler(2, 'Undefined array key "id_cliente"', 'D:\\Aplicaciones 5to Semestre\\UnLugarDeMimos.mx\\app\\Controllers\\Admin\\Cliente.php', 112)
 2 SYSTEMPATH\CodeIgniter.php(919): App\Controllers\Admin\Cliente->actualizarcliente()
 3 SYSTEMPATH\CodeIgniter.php(494): CodeIgniter\CodeIgniter->runController(Object(App\Controllers\Admin\Cliente))
 4 SYSTEMPATH\CodeIgniter.php(353): CodeIgniter\CodeIgniter->handleRequest(null, Object(Config\Cache), false)
 5 FCPATH\index.php(79): CodeIgniter\CodeIgniter->run()
 6 SYSTEMPATH\Commands\Server\rewrite.php(47): require_once('D:\\Aplicaciones 5to Semestre\\UnLugarDeMimos.mx\\public\\index.php')
CRITICAL - 2023-10-27 02:08:23 --> Undefined array key "id_cliente"
in APPPATH\Controllers\Admin\Cliente.php on line 112.
 1 APPPATH\Controllers\Admin\Cliente.php(112): CodeIgniter\Debug\Exceptions->errorHandler(2, 'Undefined array key "id_cliente"', 'D:\\Aplicaciones 5to Semestre\\UnLugarDeMimos.mx\\app\\Controllers\\Admin\\Cliente.php', 112)
 2 SYSTEMPATH\CodeIgniter.php(919): App\Controllers\Admin\Cliente->actualizarcliente()
 3 SYSTEMPATH\CodeIgniter.php(494): CodeIgniter\CodeIgniter->runController(Object(App\Controllers\Admin\Cliente))
 4 SYSTEMPATH\CodeIgniter.php(353): CodeIgniter\CodeIgniter->handleRequest(null, Object(Config\Cache), false)
 5 FCPATH\index.php(79): CodeIgniter\CodeIgniter->run()
 6 SYSTEMPATH\Commands\Server\rewrite.php(47): require_once('D:\\Aplicaciones 5to Semestre\\UnLugarDeMimos.mx\\public\\index.php')
CRITICAL - 2023-10-27 02:11:53 --> Undefined array key "id_cliente"
in APPPATH\Controllers\Admin\Cliente.php on line 113.
 1 APPPATH\Controllers\Admin\Cliente.php(113): CodeIgniter\Debug\Exceptions->errorHandler(2, 'Undefined array key "id_cliente"', 'D:\\Aplicaciones 5to Semestre\\UnLugarDeMimos.mx\\app\\Controllers\\Admin\\Cliente.php', 113)
 2 SYSTEMPATH\CodeIgniter.php(919): App\Controllers\Admin\Cliente->actualizarcliente()
 3 SYSTEMPATH\CodeIgniter.php(494): CodeIgniter\CodeIgniter->runController(Object(App\Controllers\Admin\Cliente))
 4 SYSTEMPATH\CodeIgniter.php(353): CodeIgniter\CodeIgniter->handleRequest(null, Object(Config\Cache), false)
 5 FCPATH\index.php(79): CodeIgniter\CodeIgniter->run()
 6 SYSTEMPATH\Commands\Server\rewrite.php(47): require_once('D:\\Aplicaciones 5to Semestre\\UnLugarDeMimos.mx\\public\\index.php')
CRITICAL - 2023-10-27 02:14:09 --> Undefined array key "id_cliente"
in APPPATH\Controllers\Admin\Cliente.php on line 112.
 1 APPPATH\Controllers\Admin\Cliente.php(112): CodeIgniter\Debug\Exceptions->errorHandler(2, 'Undefined array key "id_cliente"', 'D:\\Aplicaciones 5to Semestre\\UnLugarDeMimos.mx\\app\\Controllers\\Admin\\Cliente.php', 112)
 2 SYSTEMPATH\CodeIgniter.php(919): App\Controllers\Admin\Cliente->actualizarcliente()
 3 SYSTEMPATH\CodeIgniter.php(494): CodeIgniter\CodeIgniter->runController(Object(App\Controllers\Admin\Cliente))
 4 SYSTEMPATH\CodeIgniter.php(353): CodeIgniter\CodeIgniter->handleRequest(null, Object(Config\Cache), false)
 5 FCPATH\index.php(79): CodeIgniter\CodeIgniter->run()
 6 SYSTEMPATH\Commands\Server\rewrite.php(47): require_once('D:\\Aplicaciones 5to Semestre\\UnLugarDeMimos.mx\\public\\index.php')
CRITICAL - 2023-10-27 02:45:57 --> Invalid file: "UnLugarDeMimos/admin/vistas/cuidados/agregar.php"
in SYSTEMPATH\Exceptions\FrameworkException.php on line 39.
 1 SYSTEMPATH\View\View.php(214): CodeIgniter\Exceptions\FrameworkException::forInvalidFile('UnLugarDeMimos/admin/vistas/cuidados/agregar.php')
 2 SYSTEMPATH\Common.php(1188): CodeIgniter\View\View->render('UnLugarDeMimos/admin/vistas/cuidados/agregar', [], true)
 3 APPPATH\Controllers\Admin\Cuidado.php(35): view('UnLugarDeMimos/admin/vistas/cuidados/agregar')
 4 SYSTEMPATH\CodeIgniter.php(919): App\Controllers\Admin\Cuidado->agregarcuidado()
 5 SYSTEMPATH\CodeIgniter.php(494): CodeIgniter\CodeIgniter->runController(Object(App\Controllers\Admin\Cuidado))
 6 SYSTEMPATH\CodeIgniter.php(353): CodeIgniter\CodeIgniter->handleRequest(null, Object(Config\Cache), false)
 7 FCPATH\index.php(79): CodeIgniter\CodeIgniter->run()
 8 SYSTEMPATH\Commands\Server\rewrite.php(47): require_once('D:\\Aplicaciones 5to Semestre\\UnLugarDeMimos.mx\\public\\index.php')
CRITICAL - 2023-10-27 02:48:14 --> The route for "UnLugarDeMimos/admin/vistas/cuidado/mostrar" cannot be found.
in SYSTEMPATH\HTTP\RedirectResponse.php on line 60.
 1 SYSTEMPATH\HTTP\RedirectResponse.php(60): CodeIgniter\HTTP\Exceptions\HTTPException::forInvalidRedirectRoute('UnLugarDeMimos/admin/vistas/cuidado/mostrar')
 2 SYSTEMPATH\Common.php(878): CodeIgniter\HTTP\RedirectResponse->route(false)
 3 APPPATH\Controllers\Admin\Cuidado.php(54): redirect('UnLugarDeMimos/admin/vistas/cuidado/mostrar')
 4 SYSTEMPATH\CodeIgniter.php(919): App\Controllers\Admin\Cuidado->agregarcuidado()
 5 SYSTEMPATH\CodeIgniter.php(494): CodeIgniter\CodeIgniter->runController(Object(App\Controllers\Admin\Cuidado))
 6 SYSTEMPATH\CodeIgniter.php(353): CodeIgniter\CodeIgniter->handleRequest(null, Object(Config\Cache), false)
 7 FCPATH\index.php(79): CodeIgniter\CodeIgniter->run()
 8 SYSTEMPATH\Commands\Server\rewrite.php(47): require_once('D:\\Aplicaciones 5to Semestre\\UnLugarDeMimos.mx\\public\\index.php')
CRITICAL - 2023-10-27 02:50:04 --> The route for "UnLugarDeMimos/admin/vistas/cuidado/mostrar" cannot be found.
in SYSTEMPATH\HTTP\RedirectResponse.php on line 60.
 1 SYSTEMPATH\HTTP\RedirectResponse.php(60): CodeIgniter\HTTP\Exceptions\HTTPException::forInvalidRedirectRoute('UnLugarDeMimos/admin/vistas/cuidado/mostrar')
 2 SYSTEMPATH\Common.php(878): CodeIgniter\HTTP\RedirectResponse->route(false)
 3 APPPATH\Controllers\Admin\Cuidado.php(54): redirect('UnLugarDeMimos/admin/vistas/cuidado/mostrar')
 4 SYSTEMPATH\CodeIgniter.php(919): App\Controllers\Admin\Cuidado->agregarcuidado()
 5 SYSTEMPATH\CodeIgniter.php(494): CodeIgniter\CodeIgniter->runController(Object(App\Controllers\Admin\Cuidado))
 6 SYSTEMPATH\CodeIgniter.php(353): CodeIgniter\CodeIgniter->handleRequest(null, Object(Config\Cache), false)
 7 FCPATH\index.php(79): CodeIgniter\CodeIgniter->run()
 8 SYSTEMPATH\Commands\Server\rewrite.php(47): require_once('D:\\Aplicaciones 5to Semestre\\UnLugarDeMimos.mx\\public\\index.php')
CRITICAL - 2023-10-27 02:51:38 --> Invalid file: "UnLugarDeMimos/admin/vistas/cuidado/agregar.php"
in SYSTEMPATH\Exceptions\FrameworkException.php on line 39.
 1 SYSTEMPATH\View\View.php(214): CodeIgniter\Exceptions\FrameworkException::forInvalidFile('UnLugarDeMimos/admin/vistas/cuidado/agregar.php')
 2 SYSTEMPATH\Common.php(1188): CodeIgniter\View\View->render('UnLugarDeMimos/admin/vistas/cuidado/agregar', [], true)
 3 APPPATH\Controllers\Admin\Cuidado.php(35): view('UnLugarDeMimos/admin/vistas/cuidado/agregar')
 4 SYSTEMPATH\CodeIgniter.php(919): App\Controllers\Admin\Cuidado->agregarcuidado()
 5 SYSTEMPATH\CodeIgniter.php(494): CodeIgniter\CodeIgniter->runController(Object(App\Controllers\Admin\Cuidado))
 6 SYSTEMPATH\CodeIgniter.php(353): CodeIgniter\CodeIgniter->handleRequest(null, Object(Config\Cache), false)
 7 FCPATH\index.php(79): CodeIgniter\CodeIgniter->run()
 8 SYSTEMPATH\Commands\Server\rewrite.php(47): require_once('D:\\Aplicaciones 5to Semestre\\UnLugarDeMimos.mx\\public\\index.php')
CRITICAL - 2023-10-27 02:51:38 --> Invalid file: "UnLugarDeMimos/admin/vistas/cuidado/mostrar.php"
in SYSTEMPATH\Exceptions\FrameworkException.php on line 39.
 1 SYSTEMPATH\View\View.php(214): CodeIgniter\Exceptions\FrameworkException::forInvalidFile('UnLugarDeMimos/admin/vistas/cuidado/mostrar.php')
 2 SYSTEMPATH\Common.php(1188): CodeIgniter\View\View->render('UnLugarDeMimos/admin/vistas/cuidado/mostrar', [], true)
 3 APPPATH\Controllers\Admin\Cuidado.php(22): view('UnLugarDeMimos/admin/vistas/cuidado/mostrar', [...])
 4 SYSTEMPATH\CodeIgniter.php(919): App\Controllers\Admin\Cuidado->mostrarcuidado()
 5 SYSTEMPATH\CodeIgniter.php(494): CodeIgniter\CodeIgniter->runController(Object(App\Controllers\Admin\Cuidado))
 6 SYSTEMPATH\CodeIgniter.php(353): CodeIgniter\CodeIgniter->handleRequest(null, Object(Config\Cache), false)
 7 FCPATH\index.php(79): CodeIgniter\CodeIgniter->run()
 8 SYSTEMPATH\Commands\Server\rewrite.php(47): require_once('D:\\Aplicaciones 5to Semestre\\UnLugarDeMimos.mx\\public\\index.php')
CRITICAL - 2023-10-27 02:51:40 --> Invalid file: "UnLugarDeMimos/admin/vistas/cliente/mostrar.php"
in SYSTEMPATH\Exceptions\FrameworkException.php on line 39.
 1 SYSTEMPATH\View\View.php(214): CodeIgniter\Exceptions\FrameworkException::forInvalidFile('UnLugarDeMimos/admin/vistas/cliente/mostrar.php')
 2 SYSTEMPATH\Common.php(1188): CodeIgniter\View\View->render('UnLugarDeMimos/admin/vistas/cliente/mostrar', [], true)
 3 APPPATH\Controllers\Admin\Cliente.php(22): view('UnLugarDeMimos/admin/vistas/cliente/mostrar', [...])
 4 SYSTEMPATH\CodeIgniter.php(919): App\Controllers\Admin\Cliente->mostrarcliente()
 5 SYSTEMPATH\CodeIgniter.php(494): CodeIgniter\CodeIgniter->runController(Object(App\Controllers\Admin\Cliente))
 6 SYSTEMPATH\CodeIgniter.php(353): CodeIgniter\CodeIgniter->handleRequest(null, Object(Config\Cache), false)
 7 FCPATH\index.php(79): CodeIgniter\CodeIgniter->run()
 8 SYSTEMPATH\Commands\Server\rewrite.php(47): require_once('D:\\Aplicaciones 5to Semestre\\UnLugarDeMimos.mx\\public\\index.php')
CRITICAL - 2023-10-27 02:51:41 --> Invalid file: "UnLugarDeMimos/admin/vistas/cliente/buscar.php"
in SYSTEMPATH\Exceptions\FrameworkException.php on line 39.
 1 SYSTEMPATH\View\View.php(214): CodeIgniter\Exceptions\FrameworkException::forInvalidFile('UnLugarDeMimos/admin/vistas/cliente/buscar.php')
 2 SYSTEMPATH\Common.php(1188): CodeIgniter\View\View->render('UnLugarDeMimos/admin/vistas/cliente/buscar', [], true)
 3 APPPATH\Controllers\Admin\Cliente.php(105): view('UnLugarDeMimos/admin/vistas/cliente/buscar', [...])
 4 SYSTEMPATH\CodeIgniter.php(919): App\Controllers\Admin\Cliente->buscarcliente()
 5 SYSTEMPATH\CodeIgniter.php(494): CodeIgniter\CodeIgniter->runController(Object(App\Controllers\Admin\Cliente))
 6 SYSTEMPATH\CodeIgniter.php(353): CodeIgniter\CodeIgniter->handleRequest(null, Object(Config\Cache), false)
 7 FCPATH\index.php(79): CodeIgniter\CodeIgniter->run()
 8 SYSTEMPATH\Commands\Server\rewrite.php(47): require_once('D:\\Aplicaciones 5to Semestre\\UnLugarDeMimos.mx\\public\\index.php')
CRITICAL - 2023-10-27 02:51:41 --> Invalid file: "UnLugarDeMimos/admin/vistas/cliente/buscar.php"
in SYSTEMPATH\Exceptions\FrameworkException.php on line 39.
 1 SYSTEMPATH\View\View.php(214): CodeIgniter\Exceptions\FrameworkException::forInvalidFile('UnLugarDeMimos/admin/vistas/cliente/buscar.php')
 2 SYSTEMPATH\Common.php(1188): CodeIgniter\View\View->render('UnLugarDeMimos/admin/vistas/cliente/buscar', [], true)
 3 APPPATH\Controllers\Admin\Cliente.php(105): view('UnLugarDeMimos/admin/vistas/cliente/buscar', [...])
 4 SYSTEMPATH\CodeIgniter.php(919): App\Controllers\Admin\Cliente->buscarcliente()
 5 SYSTEMPATH\CodeIgniter.php(494): CodeIgniter\CodeIgniter->runController(Object(App\Controllers\Admin\Cliente))
 6 SYSTEMPATH\CodeIgniter.php(353): CodeIgniter\CodeIgniter->handleRequest(null, Object(Config\Cache), false)
 7 FCPATH\index.php(79): CodeIgniter\CodeIgniter->run()
 8 SYSTEMPATH\Commands\Server\rewrite.php(47): require_once('D:\\Aplicaciones 5to Semestre\\UnLugarDeMimos.mx\\public\\index.php')
CRITICAL - 2023-10-27 02:51:47 --> Invalid file: "UnLugarDeMimos/admin/vistas/cliente/mostrar.php"
in SYSTEMPATH\Exceptions\FrameworkException.php on line 39.
 1 SYSTEMPATH\View\View.php(214): CodeIgniter\Exceptions\FrameworkException::forInvalidFile('UnLugarDeMimos/admin/vistas/cliente/mostrar.php')
 2 SYSTEMPATH\Common.php(1188): CodeIgniter\View\View->render('UnLugarDeMimos/admin/vistas/cliente/mostrar', [], true)
 3 APPPATH\Controllers\Admin\Cliente.php(22): view('UnLugarDeMimos/admin/vistas/cliente/mostrar', [...])
 4 SYSTEMPATH\CodeIgniter.php(919): App\Controllers\Admin\Cliente->mostrarcliente()
 5 SYSTEMPATH\CodeIgniter.php(494): CodeIgniter\CodeIgniter->runController(Object(App\Controllers\Admin\Cliente))
 6 SYSTEMPATH\CodeIgniter.php(353): CodeIgniter\CodeIgniter->handleRequest(null, Object(Config\Cache), false)
 7 FCPATH\index.php(79): CodeIgniter\CodeIgniter->run()
 8 SYSTEMPATH\Commands\Server\rewrite.php(47): require_once('D:\\Aplicaciones 5to Semestre\\UnLugarDeMimos.mx\\public\\index.php')
CRITICAL - 2023-10-27 02:53:18 --> Invalid file: "UnLugarDeMimos/admin/vistas/cliente/mostrar.php"
in SYSTEMPATH\Exceptions\FrameworkException.php on line 39.
 1 SYSTEMPATH\View\View.php(214): CodeIgniter\Exceptions\FrameworkException::forInvalidFile('UnLugarDeMimos/admin/vistas/cliente/mostrar.php')
 2 SYSTEMPATH\Common.php(1188): CodeIgniter\View\View->render('UnLugarDeMimos/admin/vistas/cliente/mostrar', [], true)
 3 APPPATH\Controllers\Admin\Cliente.php(22): view('UnLugarDeMimos/admin/vistas/cliente/mostrar', [...])
 4 SYSTEMPATH\CodeIgniter.php(919): App\Controllers\Admin\Cliente->mostrarcliente()
 5 SYSTEMPATH\CodeIgniter.php(494): CodeIgniter\CodeIgniter->runController(Object(App\Controllers\Admin\Cliente))
 6 SYSTEMPATH\CodeIgniter.php(353): CodeIgniter\CodeIgniter->handleRequest(null, Object(Config\Cache), false)
 7 FCPATH\index.php(79): CodeIgniter\CodeIgniter->run()
 8 SYSTEMPATH\Commands\Server\rewrite.php(47): require_once('D:\\Aplicaciones 5to Semestre\\UnLugarDeMimos.mx\\public\\index.php')
CRITICAL - 2023-10-27 02:53:23 --> Invalid file: "UnLugarDeMimos/admin/vistas/cliente/mostrar.php"
in SYSTEMPATH\Exceptions\FrameworkException.php on line 39.
 1 SYSTEMPATH\View\View.php(214): CodeIgniter\Exceptions\FrameworkException::forInvalidFile('UnLugarDeMimos/admin/vistas/cliente/mostrar.php')
 2 SYSTEMPATH\Common.php(1188): CodeIgniter\View\View->render('UnLugarDeMimos/admin/vistas/cliente/mostrar', [], true)
 3 APPPATH\Controllers\Admin\Cliente.php(22): view('UnLugarDeMimos/admin/vistas/cliente/mostrar', [...])
 4 SYSTEMPATH\CodeIgniter.php(919): App\Controllers\Admin\Cliente->mostrarcliente()
 5 SYSTEMPATH\CodeIgniter.php(494): CodeIgniter\CodeIgniter->runController(Object(App\Controllers\Admin\Cliente))
 6 SYSTEMPATH\CodeIgniter.php(353): CodeIgniter\CodeIgniter->handleRequest(null, Object(Config\Cache), false)
 7 FCPATH\index.php(79): CodeIgniter\CodeIgniter->run()
 8 SYSTEMPATH\Commands\Server\rewrite.php(47): require_once('D:\\Aplicaciones 5to Semestre\\UnLugarDeMimos.mx\\public\\index.php')
CRITICAL - 2023-10-27 02:54:34 --> The route for "UnLugarDeMimos/admin/vistas/cuidado/mostrar" cannot be found.
in SYSTEMPATH\HTTP\RedirectResponse.php on line 60.
 1 SYSTEMPATH\HTTP\RedirectResponse.php(60): CodeIgniter\HTTP\Exceptions\HTTPException::forInvalidRedirectRoute('UnLugarDeMimos/admin/vistas/cuidado/mostrar')
 2 SYSTEMPATH\Common.php(878): CodeIgniter\HTTP\RedirectResponse->route(false)
 3 APPPATH\Controllers\Admin\Cuidado.php(54): redirect('UnLugarDeMimos/admin/vistas/cuidado/mostrar')
 4 SYSTEMPATH\CodeIgniter.php(919): App\Controllers\Admin\Cuidado->agregarcuidado()
 5 SYSTEMPATH\CodeIgniter.php(494): CodeIgniter\CodeIgniter->runController(Object(App\Controllers\Admin\Cuidado))
 6 SYSTEMPATH\CodeIgniter.php(353): CodeIgniter\CodeIgniter->handleRequest(null, Object(Config\Cache), false)
 7 FCPATH\index.php(79): CodeIgniter\CodeIgniter->run()
 8 SYSTEMPATH\Commands\Server\rewrite.php(47): require_once('D:\\Aplicaciones 5to Semestre\\UnLugarDeMimos.mx\\public\\index.php')
CRITICAL - 2023-10-27 02:57:15 --> The route for "UnLugarDeMimos/admin/vistas/cuidado/mostrar" cannot be found.
in SYSTEMPATH\HTTP\RedirectResponse.php on line 60.
 1 SYSTEMPATH\HTTP\RedirectResponse.php(60): CodeIgniter\HTTP\Exceptions\HTTPException::forInvalidRedirectRoute('UnLugarDeMimos/admin/vistas/cuidado/mostrar')
 2 SYSTEMPATH\Common.php(878): CodeIgniter\HTTP\RedirectResponse->route(false)
 3 APPPATH\Controllers\Admin\Cuidado.php(54): redirect('UnLugarDeMimos/admin/vistas/cuidado/mostrar')
 4 SYSTEMPATH\CodeIgniter.php(919): App\Controllers\Admin\Cuidado->agregarcuidado()
 5 SYSTEMPATH\CodeIgniter.php(494): CodeIgniter\CodeIgniter->runController(Object(App\Controllers\Admin\Cuidado))
 6 SYSTEMPATH\CodeIgniter.php(353): CodeIgniter\CodeIgniter->handleRequest(null, Object(Config\Cache), false)
 7 FCPATH\index.php(79): CodeIgniter\CodeIgniter->run()
 8 SYSTEMPATH\Commands\Server\rewrite.php(47): require_once('D:\\Aplicaciones 5to Semestre\\UnLugarDeMimos.mx\\public\\index.php')
CRITICAL - 2023-10-27 03:02:52 --> Undefined variable $cudado
in APPPATH\Views\UnLugarDeMimos\admin\vistas\cuidados\editar.php on line 11.
 1 APPPATH\Views\UnLugarDeMimos\admin\vistas\cuidados\editar.php(11): CodeIgniter\Debug\Exceptions->errorHandler(2, 'Undefined variable $cudado', 'D:\\Aplicaciones 5to Semestre\\UnLugarDeMimos.mx\\app\\Views\\UnLugarDeMimos\\admin\\vistas\\cuidados\\editar.php', 11)
 2 SYSTEMPATH\View\View.php(226): include('D:\\Aplicaciones 5to Semestre\\UnLugarDeMimos.mx\\app\\Views\\UnLugarDeMimos\\admin\\vistas\\cuidados\\editar.php')
 3 SYSTEMPATH\View\View.php(229): CodeIgniter\View\View->CodeIgniter\View\{closure}()
 4 SYSTEMPATH\Common.php(1188): CodeIgniter\View\View->render('UnLugarDeMimos/admin/vistas/cuidados/editar', [], true)
 5 APPPATH\Controllers\Admin\Cuidado.php(77): view('UnLugarDeMimos/admin/vistas/cuidados/editar', [...])
 6 SYSTEMPATH\CodeIgniter.php(919): App\Controllers\Admin\Cuidado->editarcuidado('1')
 7 SYSTEMPATH\CodeIgniter.php(494): CodeIgniter\CodeIgniter->runController(Object(App\Controllers\Admin\Cuidado))
 8 SYSTEMPATH\CodeIgniter.php(353): CodeIgniter\CodeIgniter->handleRequest(null, Object(Config\Cache), false)
 9 FCPATH\index.php(79): CodeIgniter\CodeIgniter->run()
10 SYSTEMPATH\Commands\Server\rewrite.php(47): require_once('D:\\Aplicaciones 5to Semestre\\UnLugarDeMimos.mx\\public\\index.php')
CRITICAL - 2023-10-27 03:14:34 --> Array callback must have exactly two elements
in APPPATH\Controllers\Admin\Cuidado.php on line 113.
 1 SYSTEMPATH\CodeIgniter.php(919): App\Controllers\Admin\Cuidado->actualizarcuidado()
 2 SYSTEMPATH\CodeIgniter.php(494): CodeIgniter\CodeIgniter->runController(Object(App\Controllers\Admin\Cuidado))
 3 SYSTEMPATH\CodeIgniter.php(353): CodeIgniter\CodeIgniter->handleRequest(null, Object(Config\Cache), false)
 4 FCPATH\index.php(79): CodeIgniter\CodeIgniter->run()
 5 SYSTEMPATH\Commands\Server\rewrite.php(47): require_once('D:\\Aplicaciones 5to Semestre\\UnLugarDeMimos.mx\\public\\index.php')
CRITICAL - 2023-10-27 03:25:22 --> Invalid file: "UnLugarDeMimos/admin/vistas/dieta/mostrar.php"
in SYSTEMPATH\Exceptions\FrameworkException.php on line 39.
 1 SYSTEMPATH\View\View.php(214): CodeIgniter\Exceptions\FrameworkException::forInvalidFile('UnLugarDeMimos/admin/vistas/dieta/mostrar.php')
 2 SYSTEMPATH\Common.php(1188): CodeIgniter\View\View->render('UnLugarDeMimos/admin/vistas/dieta/mostrar', [], true)
 3 APPPATH\Controllers\Admin\Dieta.php(22): view('UnLugarDeMimos/admin/vistas/dieta/mostrar', [...])
 4 SYSTEMPATH\CodeIgniter.php(919): App\Controllers\Admin\Dieta->mostrardieta()
 5 SYSTEMPATH\CodeIgniter.php(494): CodeIgniter\CodeIgniter->runController(Object(App\Controllers\Admin\Dieta))
 6 SYSTEMPATH\CodeIgniter.php(353): CodeIgniter\CodeIgniter->handleRequest(null, Object(Config\Cache), false)
 7 FCPATH\index.php(79): CodeIgniter\CodeIgniter->run()
 8 SYSTEMPATH\Commands\Server\rewrite.php(47): require_once('D:\\Aplicaciones 5to Semestre\\UnLugarDeMimos.mx\\public\\index.php')
CRITICAL - 2023-10-27 03:31:43 --> Invalid file: "UnLugarDeMimos/admin/vistas/dieta/buscar.php"
in SYSTEMPATH\Exceptions\FrameworkException.php on line 39.
 1 SYSTEMPATH\View\View.php(214): CodeIgniter\Exceptions\FrameworkException::forInvalidFile('UnLugarDeMimos/admin/vistas/dieta/buscar.php')
 2 SYSTEMPATH\Common.php(1188): CodeIgniter\View\View->render('UnLugarDeMimos/admin/vistas/dieta/buscar', [], true)
 3 APPPATH\Controllers\Admin\Dieta.php(93): view('UnLugarDeMimos/admin/vistas/dieta/buscar', [...])
 4 SYSTEMPATH\CodeIgniter.php(919): App\Controllers\Admin\Dieta->buscardieta()
 5 SYSTEMPATH\CodeIgniter.php(494): CodeIgniter\CodeIgniter->runController(Object(App\Controllers\Admin\Dieta))
 6 SYSTEMPATH\CodeIgniter.php(353): CodeIgniter\CodeIgniter->handleRequest(null, Object(Config\Cache), false)
 7 FCPATH\index.php(79): CodeIgniter\CodeIgniter->run()
 8 SYSTEMPATH\Commands\Server\rewrite.php(47): require_once('D:\\Aplicaciones 5to Semestre\\UnLugarDeMimos.mx\\public\\index.php')
CRITICAL - 2023-10-27 04:37:55 --> Undefined variable $especies
in APPPATH\Views\UnLugarDeMimos\admin\vistas\mascotas\editar.php on line 19.
 1 APPPATH\Views\UnLugarDeMimos\admin\vistas\mascotas\editar.php(19): CodeIgniter\Debug\Exceptions->errorHandler(2, 'Undefined variable $especies', 'D:\\Aplicaciones 5to Semestre\\UnLugarDeMimos.mx\\app\\Views\\UnLugarDeMimos\\admin\\vistas\\mascotas\\editar.php', 19)
 2 SYSTEMPATH\View\View.php(226): include('D:\\Aplicaciones 5to Semestre\\UnLugarDeMimos.mx\\app\\Views\\UnLugarDeMimos\\admin\\vistas\\mascotas\\editar.php')
 3 SYSTEMPATH\View\View.php(229): CodeIgniter\View\View->CodeIgniter\View\{closure}()
 4 SYSTEMPATH\Common.php(1188): CodeIgniter\View\View->render('UnLugarDeMimos/admin/vistas/mascotas/editar', [], true)
 5 APPPATH\Controllers\Admin\Mascota.php(105): view('UnLugarDeMimos/admin/vistas/mascotas/editar', [...])
 6 SYSTEMPATH\CodeIgniter.php(919): App\Controllers\Admin\Mascota->editarmascota('3')
 7 SYSTEMPATH\CodeIgniter.php(494): CodeIgniter\CodeIgniter->runController(Object(App\Controllers\Admin\Mascota))
 8 SYSTEMPATH\CodeIgniter.php(353): CodeIgniter\CodeIgniter->handleRequest(null, Object(Config\Cache), false)
 9 FCPATH\index.php(79): CodeIgniter\CodeIgniter->run()
10 SYSTEMPATH\Commands\Server\rewrite.php(47): require_once('D:\\Aplicaciones 5to Semestre\\UnLugarDeMimos.mx\\public\\index.php')
CRITICAL - 2023-10-27 04:40:24 --> Attempt to read property "id_especie" on string
in APPPATH\Views\UnLugarDeMimos\admin\vistas\mascotas\editar.php on line 20.
 1 APPPATH\Views\UnLugarDeMimos\admin\vistas\mascotas\editar.php(20): CodeIgniter\Debug\Exceptions->errorHandler(2, 'Attempt to read property "id_especie" on string', 'D:\\Aplicaciones 5to Semestre\\UnLugarDeMimos.mx\\app\\Views\\UnLugarDeMimos\\admin\\vistas\\mascotas\\editar.php', 20)
 2 SYSTEMPATH\View\View.php(226): include('D:\\Aplicaciones 5to Semestre\\UnLugarDeMimos.mx\\app\\Views\\UnLugarDeMimos\\admin\\vistas\\mascotas\\editar.php')
 3 SYSTEMPATH\View\View.php(229): CodeIgniter\View\View->CodeIgniter\View\{closure}()
 4 SYSTEMPATH\Common.php(1188): CodeIgniter\View\View->render('UnLugarDeMimos/admin/vistas/mascotas/editar', [], true)
 5 APPPATH\Controllers\Admin\Mascota.php(116): view('UnLugarDeMimos/admin/vistas/mascotas/editar', [...])
 6 SYSTEMPATH\CodeIgniter.php(919): App\Controllers\Admin\Mascota->editarmascota('3')
 7 SYSTEMPATH\CodeIgniter.php(494): CodeIgniter\CodeIgniter->runController(Object(App\Controllers\Admin\Mascota))
 8 SYSTEMPATH\CodeIgniter.php(353): CodeIgniter\CodeIgniter->handleRequest(null, Object(Config\Cache), false)
 9 FCPATH\index.php(79): CodeIgniter\CodeIgniter->run()
10 SYSTEMPATH\Commands\Server\rewrite.php(47): require_once('D:\\Aplicaciones 5to Semestre\\UnLugarDeMimos.mx\\public\\index.php')
CRITICAL - 2023-10-27 04:40:34 --> Attempt to read property "id_especie" on string
in APPPATH\Views\UnLugarDeMimos\admin\vistas\mascotas\editar.php on line 20.
 1 APPPATH\Views\UnLugarDeMimos\admin\vistas\mascotas\editar.php(20): CodeIgniter\Debug\Exceptions->errorHandler(2, 'Attempt to read property "id_especie" on string', 'D:\\Aplicaciones 5to Semestre\\UnLugarDeMimos.mx\\app\\Views\\UnLugarDeMimos\\admin\\vistas\\mascotas\\editar.php', 20)
 2 SYSTEMPATH\View\View.php(226): include('D:\\Aplicaciones 5to Semestre\\UnLugarDeMimos.mx\\app\\Views\\UnLugarDeMimos\\admin\\vistas\\mascotas\\editar.php')
 3 SYSTEMPATH\View\View.php(229): CodeIgniter\View\View->CodeIgniter\View\{closure}()
 4 SYSTEMPATH\Common.php(1188): CodeIgniter\View\View->render('UnLugarDeMimos/admin/vistas/mascotas/editar', [], true)
 5 APPPATH\Controllers\Admin\Mascota.php(116): view('UnLugarDeMimos/admin/vistas/mascotas/editar', [...])
 6 SYSTEMPATH\CodeIgniter.php(919): App\Controllers\Admin\Mascota->editarmascota('3')
 7 SYSTEMPATH\CodeIgniter.php(494): CodeIgniter\CodeIgniter->runController(Object(App\Controllers\Admin\Mascota))
 8 SYSTEMPATH\CodeIgniter.php(353): CodeIgniter\CodeIgniter->handleRequest(null, Object(Config\Cache), false)
 9 FCPATH\index.php(79): CodeIgniter\CodeIgniter->run()
10 SYSTEMPATH\Commands\Server\rewrite.php(47): require_once('D:\\Aplicaciones 5to Semestre\\UnLugarDeMimos.mx\\public\\index.php')
CRITICAL - 2023-10-27 04:40:37 --> Attempt to read property "id_especie" on string
in APPPATH\Views\UnLugarDeMimos\admin\vistas\mascotas\editar.php on line 20.
 1 APPPATH\Views\UnLugarDeMimos\admin\vistas\mascotas\editar.php(20): CodeIgniter\Debug\Exceptions->errorHandler(2, 'Attempt to read property "id_especie" on string', 'D:\\Aplicaciones 5to Semestre\\UnLugarDeMimos.mx\\app\\Views\\UnLugarDeMimos\\admin\\vistas\\mascotas\\editar.php', 20)
 2 SYSTEMPATH\View\View.php(226): include('D:\\Aplicaciones 5to Semestre\\UnLugarDeMimos.mx\\app\\Views\\UnLugarDeMimos\\admin\\vistas\\mascotas\\editar.php')
 3 SYSTEMPATH\View\View.php(229): CodeIgniter\View\View->CodeIgniter\View\{closure}()
 4 SYSTEMPATH\Common.php(1188): CodeIgniter\View\View->render('UnLugarDeMimos/admin/vistas/mascotas/editar', [], true)
 5 APPPATH\Controllers\Admin\Mascota.php(116): view('UnLugarDeMimos/admin/vistas/mascotas/editar', [...])
 6 SYSTEMPATH\CodeIgniter.php(919): App\Controllers\Admin\Mascota->editarmascota('1')
 7 SYSTEMPATH\CodeIgniter.php(494): CodeIgniter\CodeIgniter->runController(Object(App\Controllers\Admin\Mascota))
 8 SYSTEMPATH\CodeIgniter.php(353): CodeIgniter\CodeIgniter->handleRequest(null, Object(Config\Cache), false)
 9 FCPATH\index.php(79): CodeIgniter\CodeIgniter->run()
10 SYSTEMPATH\Commands\Server\rewrite.php(47): require_once('D:\\Aplicaciones 5to Semestre\\UnLugarDeMimos.mx\\public\\index.php')
CRITICAL - 2023-10-27 04:44:50 --> Attempt to read property "id_especie" on string
in APPPATH\Views\UnLugarDeMimos\admin\vistas\mascotas\editar.php on line 21.
 1 APPPATH\Views\UnLugarDeMimos\admin\vistas\mascotas\editar.php(21): CodeIgniter\Debug\Exceptions->errorHandler(2, 'Attempt to read property "id_especie" on string', 'D:\\Aplicaciones 5to Semestre\\UnLugarDeMimos.mx\\app\\Views\\UnLugarDeMimos\\admin\\vistas\\mascotas\\editar.php', 21)
 2 SYSTEMPATH\View\View.php(226): include('D:\\Aplicaciones 5to Semestre\\UnLugarDeMimos.mx\\app\\Views\\UnLugarDeMimos\\admin\\vistas\\mascotas\\editar.php')
 3 SYSTEMPATH\View\View.php(229): CodeIgniter\View\View->CodeIgniter\View\{closure}()
 4 SYSTEMPATH\Common.php(1188): CodeIgniter\View\View->render('UnLugarDeMimos/admin/vistas/mascotas/editar', [], true)
 5 APPPATH\Controllers\Admin\Mascota.php(116): view('UnLugarDeMimos/admin/vistas/mascotas/editar', [...])
 6 SYSTEMPATH\CodeIgniter.php(919): App\Controllers\Admin\Mascota->editarmascota('1')
 7 SYSTEMPATH\CodeIgniter.php(494): CodeIgniter\CodeIgniter->runController(Object(App\Controllers\Admin\Mascota))
 8 SYSTEMPATH\CodeIgniter.php(353): CodeIgniter\CodeIgniter->handleRequest(null, Object(Config\Cache), false)
 9 FCPATH\index.php(79): CodeIgniter\CodeIgniter->run()
10 SYSTEMPATH\Commands\Server\rewrite.php(47): require_once('D:\\Aplicaciones 5to Semestre\\UnLugarDeMimos.mx\\public\\index.php')
CRITICAL - 2023-10-27 04:44:54 --> Attempt to read property "id_especie" on string
in APPPATH\Views\UnLugarDeMimos\admin\vistas\mascotas\editar.php on line 21.
 1 APPPATH\Views\UnLugarDeMimos\admin\vistas\mascotas\editar.php(21): CodeIgniter\Debug\Exceptions->errorHandler(2, 'Attempt to read property "id_especie" on string', 'D:\\Aplicaciones 5to Semestre\\UnLugarDeMimos.mx\\app\\Views\\UnLugarDeMimos\\admin\\vistas\\mascotas\\editar.php', 21)
 2 SYSTEMPATH\View\View.php(226): include('D:\\Aplicaciones 5to Semestre\\UnLugarDeMimos.mx\\app\\Views\\UnLugarDeMimos\\admin\\vistas\\mascotas\\editar.php')
 3 SYSTEMPATH\View\View.php(229): CodeIgniter\View\View->CodeIgniter\View\{closure}()
 4 SYSTEMPATH\Common.php(1188): CodeIgniter\View\View->render('UnLugarDeMimos/admin/vistas/mascotas/editar', [], true)
 5 APPPATH\Controllers\Admin\Mascota.php(116): view('UnLugarDeMimos/admin/vistas/mascotas/editar', [...])
 6 SYSTEMPATH\CodeIgniter.php(919): App\Controllers\Admin\Mascota->editarmascota('1')
 7 SYSTEMPATH\CodeIgniter.php(494): CodeIgniter\CodeIgniter->runController(Object(App\Controllers\Admin\Mascota))
 8 SYSTEMPATH\CodeIgniter.php(353): CodeIgniter\CodeIgniter->handleRequest(null, Object(Config\Cache), false)
 9 FCPATH\index.php(79): CodeIgniter\CodeIgniter->run()
10 SYSTEMPATH\Commands\Server\rewrite.php(47): require_once('D:\\Aplicaciones 5to Semestre\\UnLugarDeMimos.mx\\public\\index.php')
CRITICAL - 2023-10-27 04:45:42 --> Undefined variable $especies
in APPPATH\Views\UnLugarDeMimos\admin\vistas\mascotas\editar.php on line 20.
 1 APPPATH\Views\UnLugarDeMimos\admin\vistas\mascotas\editar.php(20): CodeIgniter\Debug\Exceptions->errorHandler(2, 'Undefined variable $especies', 'D:\\Aplicaciones 5to Semestre\\UnLugarDeMimos.mx\\app\\Views\\UnLugarDeMimos\\admin\\vistas\\mascotas\\editar.php', 20)
 2 SYSTEMPATH\View\View.php(226): include('D:\\Aplicaciones 5to Semestre\\UnLugarDeMimos.mx\\app\\Views\\UnLugarDeMimos\\admin\\vistas\\mascotas\\editar.php')
 3 SYSTEMPATH\View\View.php(229): CodeIgniter\View\View->CodeIgniter\View\{closure}()
 4 SYSTEMPATH\Common.php(1188): CodeIgniter\View\View->render('UnLugarDeMimos/admin/vistas/mascotas/editar', [], true)
 5 APPPATH\Controllers\Admin\Mascota.php(116): view('UnLugarDeMimos/admin/vistas/mascotas/editar', [...])
 6 SYSTEMPATH\CodeIgniter.php(919): App\Controllers\Admin\Mascota->editarmascota('3')
 7 SYSTEMPATH\CodeIgniter.php(494): CodeIgniter\CodeIgniter->runController(Object(App\Controllers\Admin\Mascota))
 8 SYSTEMPATH\CodeIgniter.php(353): CodeIgniter\CodeIgniter->handleRequest(null, Object(Config\Cache), false)
 9 FCPATH\index.php(79): CodeIgniter\CodeIgniter->run()
10 SYSTEMPATH\Commands\Server\rewrite.php(47): require_once('D:\\Aplicaciones 5to Semestre\\UnLugarDeMimos.mx\\public\\index.php')
CRITICAL - 2023-10-27 04:46:15 --> Undefined variable $mascota
in APPPATH\Views\UnLugarDeMimos\admin\vistas\mascotas\editar.php on line 11.
 1 APPPATH\Views\UnLugarDeMimos\admin\vistas\mascotas\editar.php(11): CodeIgniter\Debug\Exceptions->errorHandler(2, 'Undefined variable $mascota', 'D:\\Aplicaciones 5to Semestre\\UnLugarDeMimos.mx\\app\\Views\\UnLugarDeMimos\\admin\\vistas\\mascotas\\editar.php', 11)
 2 SYSTEMPATH\View\View.php(226): include('D:\\Aplicaciones 5to Semestre\\UnLugarDeMimos.mx\\app\\Views\\UnLugarDeMimos\\admin\\vistas\\mascotas\\editar.php')
 3 SYSTEMPATH\View\View.php(229): CodeIgniter\View\View->CodeIgniter\View\{closure}()
 4 SYSTEMPATH\Common.php(1188): CodeIgniter\View\View->render('UnLugarDeMimos/admin/vistas/mascotas/editar', [], true)
 5 APPPATH\Controllers\Admin\Mascota.php(116): view('UnLugarDeMimos/admin/vistas/mascotas/editar', [...])
 6 SYSTEMPATH\CodeIgniter.php(919): App\Controllers\Admin\Mascota->editarmascota('3')
 7 SYSTEMPATH\CodeIgniter.php(494): CodeIgniter\CodeIgniter->runController(Object(App\Controllers\Admin\Mascota))
 8 SYSTEMPATH\CodeIgniter.php(353): CodeIgniter\CodeIgniter->handleRequest(null, Object(Config\Cache), false)
 9 FCPATH\index.php(79): CodeIgniter\CodeIgniter->run()
10 SYSTEMPATH\Commands\Server\rewrite.php(47): require_once('D:\\Aplicaciones 5to Semestre\\UnLugarDeMimos.mx\\public\\index.php')
CRITICAL - 2023-10-27 05:01:30 --> Invalid file: "UnLugarDeMimos/admin/vistas/mascota/buscar.php"
in SYSTEMPATH\Exceptions\FrameworkException.php on line 39.
 1 SYSTEMPATH\View\View.php(214): CodeIgniter\Exceptions\FrameworkException::forInvalidFile('UnLugarDeMimos/admin/vistas/mascota/buscar.php')
 2 SYSTEMPATH\Common.php(1188): CodeIgniter\View\View->render('UnLugarDeMimos/admin/vistas/mascota/buscar', [], true)
 3 APPPATH\Controllers\Admin\Mascota.php(148): view('UnLugarDeMimos/admin/vistas/mascota/buscar', [...])
 4 SYSTEMPATH\CodeIgniter.php(919): App\Controllers\Admin\Mascota->buscarmascota()
 5 SYSTEMPATH\CodeIgniter.php(494): CodeIgniter\CodeIgniter->runController(Object(App\Controllers\Admin\Mascota))
 6 SYSTEMPATH\CodeIgniter.php(353): CodeIgniter\CodeIgniter->handleRequest(null, Object(Config\Cache), false)
 7 FCPATH\index.php(79): CodeIgniter\CodeIgniter->run()
 8 SYSTEMPATH\Commands\Server\rewrite.php(47): require_once('D:\\Aplicaciones 5to Semestre\\UnLugarDeMimos.mx\\public\\index.php')
CRITICAL - 2023-10-27 05:02:59 --> Undefined array key "especie"
in APPPATH\Controllers\Admin\Mascota.php on line 124.
 1 APPPATH\Controllers\Admin\Mascota.php(124): CodeIgniter\Debug\Exceptions->errorHandler(2, 'Undefined array key "especie"', 'D:\\Aplicaciones 5to Semestre\\UnLugarDeMimos.mx\\app\\Controllers\\Admin\\Mascota.php', 124)
 2 SYSTEMPATH\CodeIgniter.php(919): App\Controllers\Admin\Mascota->buscarmascota()
 3 SYSTEMPATH\CodeIgniter.php(494): CodeIgniter\CodeIgniter->runController(Object(App\Controllers\Admin\Mascota))
 4 SYSTEMPATH\CodeIgniter.php(353): CodeIgniter\CodeIgniter->handleRequest(null, Object(Config\Cache), false)
 5 FCPATH\index.php(79): CodeIgniter\CodeIgniter->run()
 6 SYSTEMPATH\Commands\Server\rewrite.php(47): require_once('D:\\Aplicaciones 5to Semestre\\UnLugarDeMimos.mx\\public\\index.php')
CRITICAL - 2023-10-27 05:05:16 --> Undefined array key "especie"
in APPPATH\Controllers\Admin\Mascota.php on line 124.
 1 APPPATH\Controllers\Admin\Mascota.php(124): CodeIgniter\Debug\Exceptions->errorHandler(2, 'Undefined array key "especie"', 'D:\\Aplicaciones 5to Semestre\\UnLugarDeMimos.mx\\app\\Controllers\\Admin\\Mascota.php', 124)
 2 SYSTEMPATH\CodeIgniter.php(919): App\Controllers\Admin\Mascota->buscarmascota()
 3 SYSTEMPATH\CodeIgniter.php(494): CodeIgniter\CodeIgniter->runController(Object(App\Controllers\Admin\Mascota))
 4 SYSTEMPATH\CodeIgniter.php(353): CodeIgniter\CodeIgniter->handleRequest(null, Object(Config\Cache), false)
 5 FCPATH\index.php(79): CodeIgniter\CodeIgniter->run()
 6 SYSTEMPATH\Commands\Server\rewrite.php(47): require_once('D:\\Aplicaciones 5to Semestre\\UnLugarDeMimos.mx\\public\\index.php')
CRITICAL - 2023-10-27 05:21:49 --> Invalid file: "UnLugarDeMimos/admin//vistas/raza/mostrar.php"
in SYSTEMPATH\Exceptions\FrameworkException.php on line 39.
 1 SYSTEMPATH\View\View.php(214): CodeIgniter\Exceptions\FrameworkException::forInvalidFile('UnLugarDeMimos/admin//vistas/raza/mostrar.php')
 2 SYSTEMPATH\Common.php(1188): CodeIgniter\View\View->render('UnLugarDeMimos/admin//vistas/raza/mostrar', [], true)
 3 APPPATH\Controllers\Admin\Raza.php(22): view('UnLugarDeMimos/admin//vistas/raza/mostrar', [...])
 4 SYSTEMPATH\CodeIgniter.php(919): App\Controllers\Admin\Raza->mostrarraza()
 5 SYSTEMPATH\CodeIgniter.php(494): CodeIgniter\CodeIgniter->runController(Object(App\Controllers\Admin\Raza))
 6 SYSTEMPATH\CodeIgniter.php(353): CodeIgniter\CodeIgniter->handleRequest(null, Object(Config\Cache), false)
 7 FCPATH\index.php(79): CodeIgniter\CodeIgniter->run()
 8 SYSTEMPATH\Commands\Server\rewrite.php(47): require_once('D:\\Aplicaciones 5to Semestre\\UnLugarDeMimos.mx\\public\\index.php')
ERROR - 2023-10-27 05:28:35 --> mysqli_sql_exception: Cannot add or update a child row: a foreign key constraint fails (`unlugardemimos`.`raza`, CONSTRAINT `raza_ibfk_1` FOREIGN KEY (`especie`) REFERENCES `especie` (`id_especie`)) in D:\Aplicaciones 5to Semestre\UnLugarDeMimos.mx\system\Database\MySQLi\Connection.php:306
Stack trace:
#0 D:\Aplicaciones 5to Semestre\UnLugarDeMimos.mx\system\Database\MySQLi\Connection.php(306): mysqli->query('INSERT INTO `ra...', 0)
#1 D:\Aplicaciones 5to Semestre\UnLugarDeMimos.mx\system\Database\BaseConnection.php(692): CodeIgniter\Database\MySQLi\Connection->execute('INSERT INTO `ra...')
#2 D:\Aplicaciones 5to Semestre\UnLugarDeMimos.mx\system\Database\BaseConnection.php(606): CodeIgniter\Database\BaseConnection->simpleQuery('INSERT INTO `ra...')
#3 D:\Aplicaciones 5to Semestre\UnLugarDeMimos.mx\system\Database\BaseBuilder.php(2308): CodeIgniter\Database\BaseConnection->query('INSERT INTO `ra...', Array, false)
#4 D:\Aplicaciones 5to Semestre\UnLugarDeMimos.mx\system\Model.php(319): CodeIgniter\Database\BaseBuilder->insert()
#5 D:\Aplicaciones 5to Semestre\UnLugarDeMimos.mx\system\BaseModel.php(788): CodeIgniter\Model->doInsert(Array)
#6 D:\Aplicaciones 5to Semestre\UnLugarDeMimos.mx\system\Model.php(715): CodeIgniter\BaseModel->insert(Array, false)
#7 D:\Aplicaciones 5to Semestre\UnLugarDeMimos.mx\app\Controllers\Admin\Raza.php(65): CodeIgniter\Model->insert(Array, false)
#8 D:\Aplicaciones 5to Semestre\UnLugarDeMimos.mx\app\Controllers\Admin\Raza.php(53): App\Controllers\Admin\Raza->insertar()
#9 D:\Aplicaciones 5to Semestre\UnLugarDeMimos.mx\system\CodeIgniter.php(919): App\Controllers\Admin\Raza->agregarraza()
#10 D:\Aplicaciones 5to Semestre\UnLugarDeMimos.mx\system\CodeIgniter.php(494): CodeIgniter\CodeIgniter->runController(Object(App\Controllers\Admin\Raza))
#11 D:\Aplicaciones 5to Semestre\UnLugarDeMimos.mx\system\CodeIgniter.php(353): CodeIgniter\CodeIgniter->handleRequest(NULL, Object(Config\Cache), false)
#12 D:\Aplicaciones 5to Semestre\UnLugarDeMimos.mx\public\index.php(79): CodeIgniter\CodeIgniter->run()
#13 D:\Aplicaciones 5to Semestre\UnLugarDeMimos.mx\system\Commands\Server\rewrite.php(47): require_once('D:\\Aplicaciones...')
#14 {main}
CRITICAL - 2023-10-27 05:28:35 --> Cannot add or update a child row: a foreign key constraint fails (`unlugardemimos`.`raza`, CONSTRAINT `raza_ibfk_1` FOREIGN KEY (`especie`) REFERENCES `especie` (`id_especie`))
in SYSTEMPATH\Database\BaseConnection.php on line 646.
 1 SYSTEMPATH\Database\BaseBuilder.php(2308): CodeIgniter\Database\BaseConnection->query('INSERT INTO `raza` (`nombre`, `descripcion`) VALUES (:nombre:, :descripcion:)', [...], false)
 2 SYSTEMPATH\Model.php(319): CodeIgniter\Database\BaseBuilder->insert()
 3 SYSTEMPATH\BaseModel.php(788): CodeIgniter\Model->doInsert([...])
 4 SYSTEMPATH\Model.php(715): CodeIgniter\BaseModel->insert([...], false)
 5 APPPATH\Controllers\Admin\Raza.php(65): CodeIgniter\Model->insert([...], false)
 6 APPPATH\Controllers\Admin\Raza.php(53): App\Controllers\Admin\Raza->insertar()
 7 SYSTEMPATH\CodeIgniter.php(919): App\Controllers\Admin\Raza->agregarraza()
 8 SYSTEMPATH\CodeIgniter.php(494): CodeIgniter\CodeIgniter->runController(Object(App\Controllers\Admin\Raza))
 9 SYSTEMPATH\CodeIgniter.php(353): CodeIgniter\CodeIgniter->handleRequest(null, Object(Config\Cache), false)
10 FCPATH\index.php(79): CodeIgniter\CodeIgniter->run()
11 SYSTEMPATH\Commands\Server\rewrite.php(47): require_once('D:\\Aplicaciones 5to Semestre\\UnLugarDeMimos.mx\\public\\index.php')
CRITICAL - 2023-10-27 05:38:15 --> Undefined variable $cliente
in APPPATH\Views\UnLugarDeMimos\admin\vistas\clientes\editar.php on line 11.
 1 APPPATH\Views\UnLugarDeMimos\admin\vistas\clientes\editar.php(11): CodeIgniter\Debug\Exceptions->errorHandler(2, 'Undefined variable $cliente', 'D:\\Aplicaciones 5to Semestre\\UnLugarDeMimos.mx\\app\\Views\\UnLugarDeMimos\\admin\\vistas\\clientes\\editar.php', 11)
 2 SYSTEMPATH\View\View.php(226): include('D:\\Aplicaciones 5to Semestre\\UnLugarDeMimos.mx\\app\\Views\\UnLugarDeMimos\\admin\\vistas\\clientes\\editar.php')
 3 SYSTEMPATH\View\View.php(229): CodeIgniter\View\View->CodeIgniter\View\{closure}()
 4 SYSTEMPATH\Common.php(1188): CodeIgniter\View\View->render('UnLugarDeMimos/admin/vistas/clientes/editar', [], true)
 5 APPPATH\Controllers\Admin\Raza.php(83): view('UnLugarDeMimos/admin/vistas/clientes/editar', [...])
 6 SYSTEMPATH\CodeIgniter.php(919): App\Controllers\Admin\Raza->editarraza('4')
 7 SYSTEMPATH\CodeIgniter.php(494): CodeIgniter\CodeIgniter->runController(Object(App\Controllers\Admin\Raza))
 8 SYSTEMPATH\CodeIgniter.php(353): CodeIgniter\CodeIgniter->handleRequest(null, Object(Config\Cache), false)
 9 FCPATH\index.php(79): CodeIgniter\CodeIgniter->run()
10 SYSTEMPATH\Commands\Server\rewrite.php(47): require_once('D:\\Aplicaciones 5to Semestre\\UnLugarDeMimos.mx\\public\\index.php')
CRITICAL - 2023-10-27 05:43:42 --> Undefined variable $razas
in APPPATH\Views\UnLugarDeMimos\admin\vistas\razas\buscar.php on line 45.
 1 APPPATH\Views\UnLugarDeMimos\admin\vistas\razas\buscar.php(45): CodeIgniter\Debug\Exceptions->errorHandler(2, 'Undefined variable $razas', 'D:\\Aplicaciones 5to Semestre\\UnLugarDeMimos.mx\\app\\Views\\UnLugarDeMimos\\admin\\vistas\\razas\\buscar.php', 45)
 2 SYSTEMPATH\View\View.php(226): include('D:\\Aplicaciones 5to Semestre\\UnLugarDeMimos.mx\\app\\Views\\UnLugarDeMimos\\admin\\vistas\\razas\\buscar.php')
 3 SYSTEMPATH\View\View.php(229): CodeIgniter\View\View->CodeIgniter\View\{closure}()
 4 SYSTEMPATH\Common.php(1188): CodeIgniter\View\View->render('UnLugarDeMimos/admin/vistas/razas/buscar', [], true)
 5 APPPATH\Controllers\Admin\Raza.php(104): view('UnLugarDeMimos/admin/vistas/razas/buscar', [...])
 6 SYSTEMPATH\CodeIgniter.php(919): App\Controllers\Admin\Raza->buscarraza()
 7 SYSTEMPATH\CodeIgniter.php(494): CodeIgniter\CodeIgniter->runController(Object(App\Controllers\Admin\Raza))
 8 SYSTEMPATH\CodeIgniter.php(353): CodeIgniter\CodeIgniter->handleRequest(null, Object(Config\Cache), false)
 9 FCPATH\index.php(79): CodeIgniter\CodeIgniter->run()
10 SYSTEMPATH\Commands\Server\rewrite.php(47): require_once('D:\\Aplicaciones 5to Semestre\\UnLugarDeMimos.mx\\public\\index.php')
CRITICAL - 2023-10-27 05:51:43 --> Undefined array key "despecie"
in APPPATH\Controllers\Admin\Raza.php on line 119.
 1 APPPATH\Controllers\Admin\Raza.php(119): CodeIgniter\Debug\Exceptions->errorHandler(2, 'Undefined array key "despecie"', 'D:\\Aplicaciones 5to Semestre\\UnLugarDeMimos.mx\\app\\Controllers\\Admin\\Raza.php', 119)
 2 SYSTEMPATH\CodeIgniter.php(919): App\Controllers\Admin\Raza->actualizarraza()
 3 SYSTEMPATH\CodeIgniter.php(494): CodeIgniter\CodeIgniter->runController(Object(App\Controllers\Admin\Raza))
 4 SYSTEMPATH\CodeIgniter.php(353): CodeIgniter\CodeIgniter->handleRequest(null, Object(Config\Cache), false)
 5 FCPATH\index.php(79): CodeIgniter\CodeIgniter->run()
 6 SYSTEMPATH\Commands\Server\rewrite.php(47): require_once('D:\\Aplicaciones 5to Semestre\\UnLugarDeMimos.mx\\public\\index.php')
CRITICAL - 2023-10-27 05:52:44 --> Invalid file: "UnLugarDeMimos/admin//vistas/veterinario/mostrar.php"
in SYSTEMPATH\Exceptions\FrameworkException.php on line 39.
 1 SYSTEMPATH\View\View.php(214): CodeIgniter\Exceptions\FrameworkException::forInvalidFile('UnLugarDeMimos/admin//vistas/veterinario/mostrar.php')
 2 SYSTEMPATH\Common.php(1188): CodeIgniter\View\View->render('UnLugarDeMimos/admin//vistas/veterinario/mostrar', [], true)
 3 APPPATH\Controllers\Admin\Veterinario.php(22): view('UnLugarDeMimos/admin//vistas/veterinario/mostrar', [...])
 4 SYSTEMPATH\CodeIgniter.php(919): App\Controllers\Admin\Veterinario->mostrarveterinario()
 5 SYSTEMPATH\CodeIgniter.php(494): CodeIgniter\CodeIgniter->runController(Object(App\Controllers\Admin\Veterinario))
 6 SYSTEMPATH\CodeIgniter.php(353): CodeIgniter\CodeIgniter->handleRequest(null, Object(Config\Cache), false)
 7 FCPATH\index.php(79): CodeIgniter\CodeIgniter->run()
 8 SYSTEMPATH\Commands\Server\rewrite.php(47): require_once('D:\\Aplicaciones 5to Semestre\\UnLugarDeMimos.mx\\public\\index.php')
CRITICAL - 2023-10-27 06:02:17 --> Undefined variable $veterinarios
in APPPATH\Views\UnLugarDeMimos\admin\vistas\veterinarios\buscar.php on line 45.
 1 APPPATH\Views\UnLugarDeMimos\admin\vistas\veterinarios\buscar.php(45): CodeIgniter\Debug\Exceptions->errorHandler(2, 'Undefined variable $veterinarios', 'D:\\Aplicaciones 5to Semestre\\UnLugarDeMimos.mx\\app\\Views\\UnLugarDeMimos\\admin\\vistas\\veterinarios\\buscar.php', 45)
 2 SYSTEMPATH\View\View.php(226): include('D:\\Aplicaciones 5to Semestre\\UnLugarDeMimos.mx\\app\\Views\\UnLugarDeMimos\\admin\\vistas\\veterinarios\\buscar.php')
 3 SYSTEMPATH\View\View.php(229): CodeIgniter\View\View->CodeIgniter\View\{closure}()
 4 SYSTEMPATH\Common.php(1188): CodeIgniter\View\View->render('UnLugarDeMimos/admin/vistas/veterinarios/buscar', [], true)
 5 APPPATH\Controllers\Admin\Veterinario.php(98): view('UnLugarDeMimos/admin/vistas/veterinarios/buscar', [...])
 6 SYSTEMPATH\CodeIgniter.php(919): App\Controllers\Admin\Veterinario->buscarveterinario()
 7 SYSTEMPATH\CodeIgniter.php(494): CodeIgniter\CodeIgniter->runController(Object(App\Controllers\Admin\Veterinario))
 8 SYSTEMPATH\CodeIgniter.php(353): CodeIgniter\CodeIgniter->handleRequest(null, Object(Config\Cache), false)
 9 FCPATH\index.php(79): CodeIgniter\CodeIgniter->run()
10 SYSTEMPATH\Commands\Server\rewrite.php(47): require_once('D:\\Aplicaciones 5to Semestre\\UnLugarDeMimos.mx\\public\\index.php')
