CRITICAL - 2023-10-26 17:04:15 --> Unclosed '{' on line 8
in APPPATH\Controllers\Admin\Cliente.php on line 43.
 1 SYSTEMPATH\Autoloader\Autoloader.php(285): CodeIgniter\Autoloader\Autoloader->includeFile('D:\\Aplicaciones 5to Semestre\\UnLugarDeMimos.mx\\app\\Controllers\\Admin\\Cliente.php')
 2 SYSTEMPATH\Autoloader\Autoloader.php(263): CodeIgniter\Autoloader\Autoloader->loadInNamespace('App\\Controllers\\Admin\\Cliente')
 3 [internal function]: CodeIgniter\Autoloader\Autoloader->loadClass('App\\Controllers\\Admin\\Cliente')
 4 SYSTEMPATH\CodeIgniter.php(877): class_exists('\\App\\Controllers\\Admin\\Cliente', true)
 5 SYSTEMPATH\CodeIgniter.php(481): CodeIgniter\CodeIgniter->startController()
 6 SYSTEMPATH\CodeIgniter.php(353): CodeIgniter\CodeIgniter->handleRequest(null, Object(Config\Cache), false)
 7 FCPATH\index.php(79): CodeIgniter\CodeIgniter->run()
 8 SYSTEMPATH\Commands\Server\rewrite.php(47): require_once('D:\\Aplicaciones 5to Semestre\\UnLugarDeMimos.mx\\public\\index.php')
CRITICAL - 2023-10-26 17:04:22 --> Unclosed '{' on line 8
in APPPATH\Controllers\Admin\Cliente.php on line 43.
 1 SYSTEMPATH\Autoloader\Autoloader.php(285): CodeIgniter\Autoloader\Autoloader->includeFile('D:\\Aplicaciones 5to Semestre\\UnLugarDeMimos.mx\\app\\Controllers\\Admin\\Cliente.php')
 2 SYSTEMPATH\Autoloader\Autoloader.php(263): CodeIgniter\Autoloader\Autoloader->loadInNamespace('App\\Controllers\\Admin\\Cliente')
 3 [internal function]: CodeIgniter\Autoloader\Autoloader->loadClass('App\\Controllers\\Admin\\Cliente')
 4 SYSTEMPATH\CodeIgniter.php(877): class_exists('\\App\\Controllers\\Admin\\Cliente', true)
 5 SYSTEMPATH\CodeIgniter.php(481): CodeIgniter\CodeIgniter->startController()
 6 SYSTEMPATH\CodeIgniter.php(353): CodeIgniter\CodeIgniter->handleRequest(null, Object(Config\Cache), false)
 7 FCPATH\index.php(79): CodeIgniter\CodeIgniter->run()
 8 SYSTEMPATH\Commands\Server\rewrite.php(47): require_once('D:\\Aplicaciones 5to Semestre\\UnLugarDeMimos.mx\\public\\index.php')
CRITICAL - 2023-10-26 18:02:09 --> Undefined variable $alumno
in APPPATH\Views\UnLugarDeMimos\admin\vistas\cliente\mostrar.php on line 21.
 1 APPPATH\Views\UnLugarDeMimos\admin\vistas\cliente\mostrar.php(21): CodeIgniter\Debug\Exceptions->errorHandler(2, 'Undefined variable $alumno', 'D:\\Aplicaciones 5to Semestre\\UnLugarDeMimos.mx\\app\\Views\\UnLugarDeMimos\\admin\\vistas\\cliente\\mostrar.php', 21)
 2 SYSTEMPATH\View\View.php(226): include('D:\\Aplicaciones 5to Semestre\\UnLugarDeMimos.mx\\app\\Views\\UnLugarDeMimos\\admin\\vistas\\cliente\\mostrar.php')
 3 SYSTEMPATH\View\View.php(229): CodeIgniter\View\View->CodeIgniter\View\{closure}()
 4 SYSTEMPATH\Common.php(1188): CodeIgniter\View\View->render('UnLugarDeMimos/admin/vistas/cliente/mostrar', [], true)
 5 APPPATH\Controllers\Admin\Cliente.php(22): view('UnLugarDeMimos/admin/vistas/cliente/mostrar', [...])
 6 SYSTEMPATH\CodeIgniter.php(919): App\Controllers\Admin\Cliente->mostrarcliente()
 7 SYSTEMPATH\CodeIgniter.php(494): CodeIgniter\CodeIgniter->runController(Object(App\Controllers\Admin\Cliente))
 8 SYSTEMPATH\CodeIgniter.php(353): CodeIgniter\CodeIgniter->handleRequest(null, Object(Config\Cache), false)
 9 FCPATH\index.php(79): CodeIgniter\CodeIgniter->run()
10 SYSTEMPATH\Commands\Server\rewrite.php(47): require_once('D:\\Aplicaciones 5to Semestre\\UnLugarDeMimos.mx\\public\\index.php')
CRITICAL - 2023-10-26 18:03:14 --> Undefined property: stdClass::$id
in APPPATH\Views\UnLugarDeMimos\admin\vistas\cliente\mostrar.php on line 21.
 1 APPPATH\Views\UnLugarDeMimos\admin\vistas\cliente\mostrar.php(21): CodeIgniter\Debug\Exceptions->errorHandler(2, 'Undefined property: stdClass::$id', 'D:\\Aplicaciones 5to Semestre\\UnLugarDeMimos.mx\\app\\Views\\UnLugarDeMimos\\admin\\vistas\\cliente\\mostrar.php', 21)
 2 SYSTEMPATH\View\View.php(226): include('D:\\Aplicaciones 5to Semestre\\UnLugarDeMimos.mx\\app\\Views\\UnLugarDeMimos\\admin\\vistas\\cliente\\mostrar.php')
 3 SYSTEMPATH\View\View.php(229): CodeIgniter\View\View->CodeIgniter\View\{closure}()
 4 SYSTEMPATH\Common.php(1188): CodeIgniter\View\View->render('UnLugarDeMimos/admin/vistas/cliente/mostrar', [], true)
 5 APPPATH\Controllers\Admin\Cliente.php(22): view('UnLugarDeMimos/admin/vistas/cliente/mostrar', [...])
 6 SYSTEMPATH\CodeIgniter.php(919): App\Controllers\Admin\Cliente->mostrarcliente()
 7 SYSTEMPATH\CodeIgniter.php(494): CodeIgniter\CodeIgniter->runController(Object(App\Controllers\Admin\Cliente))
 8 SYSTEMPATH\CodeIgniter.php(353): CodeIgniter\CodeIgniter->handleRequest(null, Object(Config\Cache), false)
 9 FCPATH\index.php(79): CodeIgniter\CodeIgniter->run()
10 SYSTEMPATH\Commands\Server\rewrite.php(47): require_once('D:\\Aplicaciones 5to Semestre\\UnLugarDeMimos.mx\\public\\index.php')
CRITICAL - 2023-10-26 18:03:18 --> Undefined property: stdClass::$id
in APPPATH\Views\UnLugarDeMimos\admin\vistas\cliente\mostrar.php on line 21.
 1 APPPATH\Views\UnLugarDeMimos\admin\vistas\cliente\mostrar.php(21): CodeIgniter\Debug\Exceptions->errorHandler(2, 'Undefined property: stdClass::$id', 'D:\\Aplicaciones 5to Semestre\\UnLugarDeMimos.mx\\app\\Views\\UnLugarDeMimos\\admin\\vistas\\cliente\\mostrar.php', 21)
 2 SYSTEMPATH\View\View.php(226): include('D:\\Aplicaciones 5to Semestre\\UnLugarDeMimos.mx\\app\\Views\\UnLugarDeMimos\\admin\\vistas\\cliente\\mostrar.php')
 3 SYSTEMPATH\View\View.php(229): CodeIgniter\View\View->CodeIgniter\View\{closure}()
 4 SYSTEMPATH\Common.php(1188): CodeIgniter\View\View->render('UnLugarDeMimos/admin/vistas/cliente/mostrar', [], true)
 5 APPPATH\Controllers\Admin\Cliente.php(22): view('UnLugarDeMimos/admin/vistas/cliente/mostrar', [...])
 6 SYSTEMPATH\CodeIgniter.php(919): App\Controllers\Admin\Cliente->mostrarcliente()
 7 SYSTEMPATH\CodeIgniter.php(494): CodeIgniter\CodeIgniter->runController(Object(App\Controllers\Admin\Cliente))
 8 SYSTEMPATH\CodeIgniter.php(353): CodeIgniter\CodeIgniter->handleRequest(null, Object(Config\Cache), false)
 9 FCPATH\index.php(79): CodeIgniter\CodeIgniter->run()
10 SYSTEMPATH\Commands\Server\rewrite.php(47): require_once('D:\\Aplicaciones 5to Semestre\\UnLugarDeMimos.mx\\public\\index.php')
