CRITICAL - 2023-10-23 02:34:15 --> Undefined variable $cliete
in APPPATH\Views\UnLugarDeMimos\admin\vistas\cliente\mostrar.php on line 17.
 1 APPPATH\Views\UnLugarDeMimos\admin\vistas\cliente\mostrar.php(17): CodeIgniter\Debug\Exceptions->errorHandler(2, 'Undefined variable $cliete', 'D:\\Aplicaciones 5to Semestre\\UnLugarDeMimos.mx\\app\\Views\\UnLugarDeMimos\\admin\\vistas\\cliente\\mostrar.php', 17)
 2 SYSTEMPATH\View\View.php(226): include('D:\\Aplicaciones 5to Semestre\\UnLugarDeMimos.mx\\app\\Views\\UnLugarDeMimos\\admin\\vistas\\cliente\\mostrar.php')
 3 SYSTEMPATH\View\View.php(229): CodeIgniter\View\View->CodeIgniter\View\{closure}()
 4 SYSTEMPATH\Common.php(1188): CodeIgniter\View\View->render('UnLugarDeMimos/admin//vistas/cliente/mostrar', [], true)
 5 APPPATH\Controllers\Admin\Cliente.php(22): view('UnLugarDeMimos/admin//vistas/cliente/mostrar', [...])
 6 SYSTEMPATH\CodeIgniter.php(919): App\Controllers\Admin\Cliente->mostrarcliente()
 7 SYSTEMPATH\CodeIgniter.php(494): CodeIgniter\CodeIgniter->runController(Object(App\Controllers\Admin\Cliente))
 8 SYSTEMPATH\CodeIgniter.php(353): CodeIgniter\CodeIgniter->handleRequest(null, Object(Config\Cache), false)
 9 FCPATH\index.php(79): CodeIgniter\CodeIgniter->run()
10 SYSTEMPATH\Commands\Server\rewrite.php(47): require_once('D:\\Aplicaciones 5to Semestre\\UnLugarDeMimos.mx\\public\\index.php')
CRITICAL - 2023-10-23 03:06:48 --> Invalid file: "UnLugarDeMimos/admin//vistas/cuidados/mostrar.php"
in SYSTEMPATH\Exceptions\FrameworkException.php on line 39.
 1 SYSTEMPATH\View\View.php(214): CodeIgniter\Exceptions\FrameworkException::forInvalidFile('UnLugarDeMimos/admin//vistas/cuidados/mostrar.php')
 2 SYSTEMPATH\Common.php(1188): CodeIgniter\View\View->render('UnLugarDeMimos/admin//vistas/cuidados/mostrar', [], true)
 3 APPPATH\Controllers\Admin\Cuidado.php(21): view('UnLugarDeMimos/admin//vistas/cuidados/mostrar', [...])
 4 SYSTEMPATH\CodeIgniter.php(919): App\Controllers\Admin\Cuidado->mostrarcuidado()
 5 SYSTEMPATH\CodeIgniter.php(494): CodeIgniter\CodeIgniter->runController(Object(App\Controllers\Admin\Cuidado))
 6 SYSTEMPATH\CodeIgniter.php(353): CodeIgniter\CodeIgniter->handleRequest(null, Object(Config\Cache), false)
 7 FCPATH\index.php(79): CodeIgniter\CodeIgniter->run()
 8 SYSTEMPATH\Commands\Server\rewrite.php(47): require_once('D:\\Aplicaciones 5to Semestre\\UnLugarDeMimos.mx\\public\\index.php')
CRITICAL - 2023-10-23 03:07:15 --> Invalid file: "UnLugarDeMimos/admin/vistas/cuidados/mostrar.php"
in SYSTEMPATH\Exceptions\FrameworkException.php on line 39.
 1 SYSTEMPATH\View\View.php(214): CodeIgniter\Exceptions\FrameworkException::forInvalidFile('UnLugarDeMimos/admin/vistas/cuidados/mostrar.php')
 2 SYSTEMPATH\Common.php(1188): CodeIgniter\View\View->render('UnLugarDeMimos/admin/vistas/cuidados/mostrar', [], true)
 3 APPPATH\Controllers\Admin\Cuidado.php(21): view('UnLugarDeMimos/admin/vistas/cuidados/mostrar', [...])
 4 SYSTEMPATH\CodeIgniter.php(919): App\Controllers\Admin\Cuidado->mostrarcuidado()
 5 SYSTEMPATH\CodeIgniter.php(494): CodeIgniter\CodeIgniter->runController(Object(App\Controllers\Admin\Cuidado))
 6 SYSTEMPATH\CodeIgniter.php(353): CodeIgniter\CodeIgniter->handleRequest(null, Object(Config\Cache), false)
 7 FCPATH\index.php(79): CodeIgniter\CodeIgniter->run()
 8 SYSTEMPATH\Commands\Server\rewrite.php(47): require_once('D:\\Aplicaciones 5to Semestre\\UnLugarDeMimos.mx\\public\\index.php')
CRITICAL - 2023-10-23 03:07:22 --> Invalid file: "UnLugarDeMimos/admin/vistas/cuidados/mostrar.php"
in SYSTEMPATH\Exceptions\FrameworkException.php on line 39.
 1 SYSTEMPATH\View\View.php(214): CodeIgniter\Exceptions\FrameworkException::forInvalidFile('UnLugarDeMimos/admin/vistas/cuidados/mostrar.php')
 2 SYSTEMPATH\Common.php(1188): CodeIgniter\View\View->render('UnLugarDeMimos/admin/vistas/cuidados/mostrar', [], true)
 3 APPPATH\Controllers\Admin\Cuidado.php(21): view('UnLugarDeMimos/admin/vistas/cuidados/mostrar', [...])
 4 SYSTEMPATH\CodeIgniter.php(919): App\Controllers\Admin\Cuidado->mostrarcuidado()
 5 SYSTEMPATH\CodeIgniter.php(494): CodeIgniter\CodeIgniter->runController(Object(App\Controllers\Admin\Cuidado))
 6 SYSTEMPATH\CodeIgniter.php(353): CodeIgniter\CodeIgniter->handleRequest(null, Object(Config\Cache), false)
 7 FCPATH\index.php(79): CodeIgniter\CodeIgniter->run()
 8 SYSTEMPATH\Commands\Server\rewrite.php(47): require_once('D:\\Aplicaciones 5to Semestre\\UnLugarDeMimos.mx\\public\\index.php')
CRITICAL - 2023-10-23 03:08:05 --> Invalid file: "UnLugarDeMimos/admin/vistas/cuidados/mostrar.php"
in SYSTEMPATH\Exceptions\FrameworkException.php on line 39.
 1 SYSTEMPATH\View\View.php(214): CodeIgniter\Exceptions\FrameworkException::forInvalidFile('UnLugarDeMimos/admin/vistas/cuidados/mostrar.php')
 2 SYSTEMPATH\Common.php(1188): CodeIgniter\View\View->render('UnLugarDeMimos/admin/vistas/cuidados/mostrar', [], true)
 3 APPPATH\Controllers\Admin\Cuidado.php(21): view('UnLugarDeMimos/admin/vistas/cuidados/mostrar', [...])
 4 SYSTEMPATH\CodeIgniter.php(919): App\Controllers\Admin\Cuidado->mostrarcuidado()
 5 SYSTEMPATH\CodeIgniter.php(494): CodeIgniter\CodeIgniter->runController(Object(App\Controllers\Admin\Cuidado))
 6 SYSTEMPATH\CodeIgniter.php(353): CodeIgniter\CodeIgniter->handleRequest(null, Object(Config\Cache), false)
 7 FCPATH\index.php(79): CodeIgniter\CodeIgniter->run()
 8 SYSTEMPATH\Commands\Server\rewrite.php(47): require_once('D:\\Aplicaciones 5to Semestre\\UnLugarDeMimos.mx\\public\\index.php')
CRITICAL - 2023-10-23 03:28:49 --> mysqli_result::fetch_object(): Argument #1 ($class) must be a valid class name, objetc given
in SYSTEMPATH\Database\MySQLi\Result.php on line 154.
 1 SYSTEMPATH\Database\MySQLi\Result.php(154): mysqli_result->fetch_object('objetc')
 2 SYSTEMPATH\Database\BaseResult.php(159): CodeIgniter\Database\MySQLi\Result->fetchObject('objetc')
 3 SYSTEMPATH\Database\BaseResult.php(114): CodeIgniter\Database\BaseResult->getCustomResultObject('objetc')
 4 SYSTEMPATH\Model.php(238): CodeIgniter\Database\BaseResult->getResult('objetc')
 5 SYSTEMPATH\BaseModel.php(624): CodeIgniter\Model->doFindAll(0, 0)
 6 APPPATH\Controllers\Admin\Dieta.php(17): CodeIgniter\BaseModel->findAll()
 7 SYSTEMPATH\CodeIgniter.php(919): App\Controllers\Admin\Dieta->mostrardieta()
 8 SYSTEMPATH\CodeIgniter.php(494): CodeIgniter\CodeIgniter->runController(Object(App\Controllers\Admin\Dieta))
 9 SYSTEMPATH\CodeIgniter.php(353): CodeIgniter\CodeIgniter->handleRequest(null, Object(Config\Cache), false)
10 FCPATH\index.php(79): CodeIgniter\CodeIgniter->run()
11 SYSTEMPATH\Commands\Server\rewrite.php(47): require_once('D:\\Aplicaciones 5to Semestre\\UnLugarDeMimos.mx\\public\\index.php')
CRITICAL - 2023-10-23 03:31:42 --> mysqli_result::fetch_object(): Argument #1 ($class) must be a valid class name, objetc given
in SYSTEMPATH\Database\MySQLi\Result.php on line 154.
 1 SYSTEMPATH\Database\MySQLi\Result.php(154): mysqli_result->fetch_object('objetc')
 2 SYSTEMPATH\Database\BaseResult.php(159): CodeIgniter\Database\MySQLi\Result->fetchObject('objetc')
 3 SYSTEMPATH\Database\BaseResult.php(114): CodeIgniter\Database\BaseResult->getCustomResultObject('objetc')
 4 SYSTEMPATH\Model.php(238): CodeIgniter\Database\BaseResult->getResult('objetc')
 5 SYSTEMPATH\BaseModel.php(624): CodeIgniter\Model->doFindAll(0, 0)
 6 APPPATH\Controllers\Admin\Dieta.php(17): CodeIgniter\BaseModel->findAll()
 7 SYSTEMPATH\CodeIgniter.php(919): App\Controllers\Admin\Dieta->mostrardieta()
 8 SYSTEMPATH\CodeIgniter.php(494): CodeIgniter\CodeIgniter->runController(Object(App\Controllers\Admin\Dieta))
 9 SYSTEMPATH\CodeIgniter.php(353): CodeIgniter\CodeIgniter->handleRequest(null, Object(Config\Cache), false)
10 FCPATH\index.php(79): CodeIgniter\CodeIgniter->run()
11 SYSTEMPATH\Commands\Server\rewrite.php(47): require_once('D:\\Aplicaciones 5to Semestre\\UnLugarDeMimos.mx\\public\\index.php')
CRITICAL - 2023-10-23 03:33:13 --> mysqli_result::fetch_object(): Argument #1 ($class) must be a valid class name, objetc given
in SYSTEMPATH\Database\MySQLi\Result.php on line 154.
 1 SYSTEMPATH\Database\MySQLi\Result.php(154): mysqli_result->fetch_object('objetc')
 2 SYSTEMPATH\Database\BaseResult.php(159): CodeIgniter\Database\MySQLi\Result->fetchObject('objetc')
 3 SYSTEMPATH\Database\BaseResult.php(114): CodeIgniter\Database\BaseResult->getCustomResultObject('objetc')
 4 SYSTEMPATH\Model.php(238): CodeIgniter\Database\BaseResult->getResult('objetc')
 5 SYSTEMPATH\BaseModel.php(624): CodeIgniter\Model->doFindAll(0, 0)
 6 APPPATH\Controllers\Admin\Dieta.php(17): CodeIgniter\BaseModel->findAll()
 7 SYSTEMPATH\CodeIgniter.php(919): App\Controllers\Admin\Dieta->mostrardieta()
 8 SYSTEMPATH\CodeIgniter.php(494): CodeIgniter\CodeIgniter->runController(Object(App\Controllers\Admin\Dieta))
 9 SYSTEMPATH\CodeIgniter.php(353): CodeIgniter\CodeIgniter->handleRequest(null, Object(Config\Cache), false)
10 FCPATH\index.php(79): CodeIgniter\CodeIgniter->run()
11 SYSTEMPATH\Commands\Server\rewrite.php(47): require_once('D:\\Aplicaciones 5to Semestre\\UnLugarDeMimos.mx\\public\\index.php')
CRITICAL - 2023-10-23 03:34:11 --> mysqli_result::fetch_object(): Argument #1 ($class) must be a valid class name, objetc given
in SYSTEMPATH\Database\MySQLi\Result.php on line 154.
 1 SYSTEMPATH\Database\MySQLi\Result.php(154): mysqli_result->fetch_object('objetc')
 2 SYSTEMPATH\Database\BaseResult.php(159): CodeIgniter\Database\MySQLi\Result->fetchObject('objetc')
 3 SYSTEMPATH\Database\BaseResult.php(114): CodeIgniter\Database\BaseResult->getCustomResultObject('objetc')
 4 SYSTEMPATH\Model.php(238): CodeIgniter\Database\BaseResult->getResult('objetc')
 5 SYSTEMPATH\BaseModel.php(624): CodeIgniter\Model->doFindAll(0, 0)
 6 APPPATH\Controllers\Admin\Dieta.php(17): CodeIgniter\BaseModel->findAll()
 7 SYSTEMPATH\CodeIgniter.php(919): App\Controllers\Admin\Dieta->mostrardieta()
 8 SYSTEMPATH\CodeIgniter.php(494): CodeIgniter\CodeIgniter->runController(Object(App\Controllers\Admin\Dieta))
 9 SYSTEMPATH\CodeIgniter.php(353): CodeIgniter\CodeIgniter->handleRequest(null, Object(Config\Cache), false)
10 FCPATH\index.php(79): CodeIgniter\CodeIgniter->run()
11 SYSTEMPATH\Commands\Server\rewrite.php(47): require_once('D:\\Aplicaciones 5to Semestre\\UnLugarDeMimos.mx\\public\\index.php')
CRITICAL - 2023-10-23 03:52:06 --> Undefined property: stdClass::$estado_dopcion
in APPPATH\Views\UnLugarDeMimos\admin\vistas\mascota\mostrar.php on line 30.
 1 APPPATH\Views\UnLugarDeMimos\admin\vistas\mascota\mostrar.php(30): CodeIgniter\Debug\Exceptions->errorHandler(2, 'Undefined property: stdClass::$estado_dopcion', 'D:\\Aplicaciones 5to Semestre\\UnLugarDeMimos.mx\\app\\Views\\UnLugarDeMimos\\admin\\vistas\\mascota\\mostrar.php', 30)
 2 SYSTEMPATH\View\View.php(226): include('D:\\Aplicaciones 5to Semestre\\UnLugarDeMimos.mx\\app\\Views\\UnLugarDeMimos\\admin\\vistas\\mascota\\mostrar.php')
 3 SYSTEMPATH\View\View.php(229): CodeIgniter\View\View->CodeIgniter\View\{closure}()
 4 SYSTEMPATH\Common.php(1188): CodeIgniter\View\View->render('UnLugarDeMimos/admin//vistas/mascota/mostrar', [], true)
 5 APPPATH\Controllers\Admin\Mascota.php(22): view('UnLugarDeMimos/admin//vistas/mascota/mostrar', [...])
 6 SYSTEMPATH\CodeIgniter.php(919): App\Controllers\Admin\Mascota->mostrarmascota()
 7 SYSTEMPATH\CodeIgniter.php(494): CodeIgniter\CodeIgniter->runController(Object(App\Controllers\Admin\Mascota))
 8 SYSTEMPATH\CodeIgniter.php(353): CodeIgniter\CodeIgniter->handleRequest(null, Object(Config\Cache), false)
 9 FCPATH\index.php(79): CodeIgniter\CodeIgniter->run()
10 SYSTEMPATH\Commands\Server\rewrite.php(47): require_once('D:\\Aplicaciones 5to Semestre\\UnLugarDeMimos.mx\\public\\index.php')
CRITICAL - 2023-10-23 03:52:13 --> Undefined property: stdClass::$veterinario
in APPPATH\Views\UnLugarDeMimos\admin\vistas\mascota\mostrar.php on line 31.
 1 APPPATH\Views\UnLugarDeMimos\admin\vistas\mascota\mostrar.php(31): CodeIgniter\Debug\Exceptions->errorHandler(2, 'Undefined property: stdClass::$veterinario', 'D:\\Aplicaciones 5to Semestre\\UnLugarDeMimos.mx\\app\\Views\\UnLugarDeMimos\\admin\\vistas\\mascota\\mostrar.php', 31)
 2 SYSTEMPATH\View\View.php(226): include('D:\\Aplicaciones 5to Semestre\\UnLugarDeMimos.mx\\app\\Views\\UnLugarDeMimos\\admin\\vistas\\mascota\\mostrar.php')
 3 SYSTEMPATH\View\View.php(229): CodeIgniter\View\View->CodeIgniter\View\{closure}()
 4 SYSTEMPATH\Common.php(1188): CodeIgniter\View\View->render('UnLugarDeMimos/admin//vistas/mascota/mostrar', [], true)
 5 APPPATH\Controllers\Admin\Mascota.php(22): view('UnLugarDeMimos/admin//vistas/mascota/mostrar', [...])
 6 SYSTEMPATH\CodeIgniter.php(919): App\Controllers\Admin\Mascota->mostrarmascota()
 7 SYSTEMPATH\CodeIgniter.php(494): CodeIgniter\CodeIgniter->runController(Object(App\Controllers\Admin\Mascota))
 8 SYSTEMPATH\CodeIgniter.php(353): CodeIgniter\CodeIgniter->handleRequest(null, Object(Config\Cache), false)
 9 FCPATH\index.php(79): CodeIgniter\CodeIgniter->run()
10 SYSTEMPATH\Commands\Server\rewrite.php(47): require_once('D:\\Aplicaciones 5to Semestre\\UnLugarDeMimos.mx\\public\\index.php')
CRITICAL - 2023-10-23 03:56:41 --> Call to undefined method App\Models\RazaModel::findAll1
in SYSTEMPATH\Model.php on line 873.
 1 APPPATH\Controllers\Admin\Raza.php(17): CodeIgniter\Model->__call('findAll1', [])
 2 SYSTEMPATH\CodeIgniter.php(919): App\Controllers\Admin\Raza->mostrarraza()
 3 SYSTEMPATH\CodeIgniter.php(494): CodeIgniter\CodeIgniter->runController(Object(App\Controllers\Admin\Raza))
 4 SYSTEMPATH\CodeIgniter.php(353): CodeIgniter\CodeIgniter->handleRequest(null, Object(Config\Cache), false)
 5 FCPATH\index.php(79): CodeIgniter\CodeIgniter->run()
 6 SYSTEMPATH\Commands\Server\rewrite.php(47): require_once('D:\\Aplicaciones 5to Semestre\\UnLugarDeMimos.mx\\public\\index.php')
CRITICAL - 2023-10-23 03:59:19 --> Undefined variable $veterinario
in APPPATH\Views\UnLugarDeMimos\admin\vistas\veterinario\mostrar.php on line 13.
 1 APPPATH\Views\UnLugarDeMimos\admin\vistas\veterinario\mostrar.php(13): CodeIgniter\Debug\Exceptions->errorHandler(2, 'Undefined variable $veterinario', 'D:\\Aplicaciones 5to Semestre\\UnLugarDeMimos.mx\\app\\Views\\UnLugarDeMimos\\admin\\vistas\\veterinario\\mostrar.php', 13)
 2 SYSTEMPATH\View\View.php(226): include('D:\\Aplicaciones 5to Semestre\\UnLugarDeMimos.mx\\app\\Views\\UnLugarDeMimos\\admin\\vistas\\veterinario\\mostrar.php')
 3 SYSTEMPATH\View\View.php(229): CodeIgniter\View\View->CodeIgniter\View\{closure}()
 4 SYSTEMPATH\Common.php(1188): CodeIgniter\View\View->render('UnLugarDeMimos/admin//vistas/veterinario/mostrar', [], true)
 5 APPPATH\Controllers\Admin\Veterinario.php(22): view('UnLugarDeMimos/admin//vistas/veterinario/mostrar', [...])
 6 SYSTEMPATH\CodeIgniter.php(919): App\Controllers\Admin\Veterinario->mostrarveterinario()
 7 SYSTEMPATH\CodeIgniter.php(494): CodeIgniter\CodeIgniter->runController(Object(App\Controllers\Admin\Veterinario))
 8 SYSTEMPATH\CodeIgniter.php(353): CodeIgniter\CodeIgniter->handleRequest(null, Object(Config\Cache), false)
 9 FCPATH\index.php(79): CodeIgniter\CodeIgniter->run()
10 SYSTEMPATH\Commands\Server\rewrite.php(47): require_once('D:\\Aplicaciones 5to Semestre\\UnLugarDeMimos.mx\\public\\index.php')
CRITICAL - 2023-10-23 03:59:24 --> Undefined variable $veterinario
in APPPATH\Views\UnLugarDeMimos\admin\vistas\veterinario\mostrar.php on line 13.
 1 APPPATH\Views\UnLugarDeMimos\admin\vistas\veterinario\mostrar.php(13): CodeIgniter\Debug\Exceptions->errorHandler(2, 'Undefined variable $veterinario', 'D:\\Aplicaciones 5to Semestre\\UnLugarDeMimos.mx\\app\\Views\\UnLugarDeMimos\\admin\\vistas\\veterinario\\mostrar.php', 13)
 2 SYSTEMPATH\View\View.php(226): include('D:\\Aplicaciones 5to Semestre\\UnLugarDeMimos.mx\\app\\Views\\UnLugarDeMimos\\admin\\vistas\\veterinario\\mostrar.php')
 3 SYSTEMPATH\View\View.php(229): CodeIgniter\View\View->CodeIgniter\View\{closure}()
 4 SYSTEMPATH\Common.php(1188): CodeIgniter\View\View->render('UnLugarDeMimos/admin//vistas/veterinario/mostrar', [], true)
 5 APPPATH\Controllers\Admin\Veterinario.php(22): view('UnLugarDeMimos/admin//vistas/veterinario/mostrar', [...])
 6 SYSTEMPATH\CodeIgniter.php(919): App\Controllers\Admin\Veterinario->mostrarveterinario()
 7 SYSTEMPATH\CodeIgniter.php(494): CodeIgniter\CodeIgniter->runController(Object(App\Controllers\Admin\Veterinario))
 8 SYSTEMPATH\CodeIgniter.php(353): CodeIgniter\CodeIgniter->handleRequest(null, Object(Config\Cache), false)
 9 FCPATH\index.php(79): CodeIgniter\CodeIgniter->run()
10 SYSTEMPATH\Commands\Server\rewrite.php(47): require_once('D:\\Aplicaciones 5to Semestre\\UnLugarDeMimos.mx\\public\\index.php')
